

================================================================
== Vivado HLS Report for 'drift'
================================================================
* Date:           Wed Nov  8 16:07:48 2017

* Version:        2017.1 (Build 1846317 on Fri Apr 14 19:19:38 MDT 2017)
* Project:        astroSim
* Solution:       solution1
* Product family: zynquplus
* Target device:  xczu19eg-ffve1924-3-e-es2


================================================================
== Performance Estimates
================================================================
+ Timing (ns): 
    * Summary: 
    +--------+-------+----------+------------+
    |  Clock | Target| Estimated| Uncertainty|
    +--------+-------+----------+------------+
    |ap_clk  |  10.00|      8.69|        1.25|
    +--------+-------+----------+------------+

+ Latency (clock cycles): 
    * Summary: 
    +-----+-----+-----+-----+---------+
    |  Latency  |  Interval | Pipeline|
    | min | max | min | max |   Type  |
    +-----+-----+-----+-----+---------+
    |   13|   13|   13|   13|   none  |
    +-----+-----+-----+-----+---------+

    + Detail: 
        * Instance: 
        +---------------------------------------+-----------------------+-----+-----+-----+-----+----------+
        |                                       |                       |  Latency  |  Interval | Pipeline |
        |                Instance               |         Module        | min | max | min | max |   Type   |
        +---------------------------------------+-----------------------+-----+-----+-----+-----+----------+
        |tmp_15_p_hls_fptosi_double_s_fu_754    |p_hls_fptosi_double_s  |    0|    0|    1|    1| function |
        |tmp_19_p_hls_fptosi_double_s_fu_759    |p_hls_fptosi_double_s  |    0|    0|    1|    1| function |
        |tmp_23_p_hls_fptosi_double_s_fu_764    |p_hls_fptosi_double_s  |    0|    0|    1|    1| function |
        |tmp_49_1_p_hls_fptosi_double_s_fu_769  |p_hls_fptosi_double_s  |    0|    0|    1|    1| function |
        |tmp_53_1_p_hls_fptosi_double_s_fu_774  |p_hls_fptosi_double_s  |    0|    0|    1|    1| function |
        |tmp_57_1_p_hls_fptosi_double_s_fu_779  |p_hls_fptosi_double_s  |    0|    0|    1|    1| function |
        |tmp_49_2_p_hls_fptosi_double_s_fu_784  |p_hls_fptosi_double_s  |    0|    0|    1|    1| function |
        |tmp_53_2_p_hls_fptosi_double_s_fu_789  |p_hls_fptosi_double_s  |    0|    0|    1|    1| function |
        |tmp_57_2_p_hls_fptosi_double_s_fu_794  |p_hls_fptosi_double_s  |    0|    0|    1|    1| function |
        +---------------------------------------+-----------------------+-----+-----+-----+-----+----------+

        * Loop: 
        +----------+-----+-----+----------+-----------+-----------+------+----------+
        |          |  Latency  | Iteration|  Initiation Interval  | Trip |          |
        | Loop Name| min | max |  Latency |  achieved |   target  | Count| Pipelined|
        +----------+-----+-----+----------+-----------+-----------+------+----------+
        |- Loop 1  |   10|   10|         9|          1|          1|     3|    yes   |
        +----------+-----+-----+----------+-----------+-----------+------+----------+



================================================================
== Utilization Estimates
================================================================
* Summary: 
+-----------------+---------+-------+---------+--------+-----+
|       Name      | BRAM_18K| DSP48E|    FF   |   LUT  | URAM|
+-----------------+---------+-------+---------+--------+-----+
|DSP              |        -|      -|        -|       -|    -|
|Expression       |        -|      -|        0|     813|    -|
|FIFO             |        -|      -|        -|       -|    -|
|Instance         |        -|     99|    21178|   17323|    -|
|Memory           |        -|      -|        -|       -|    -|
|Multiplexer      |        -|      -|        -|     381|    -|
|Register         |        -|      -|     7197|     128|    -|
+-----------------+---------+-------+---------+--------+-----+
|Total            |        0|     99|    28375|   18645|    0|
+-----------------+---------+-------+---------+--------+-----+
|Available        |     1968|   1968|  1045440|  522720|  128|
+-----------------+---------+-------+---------+--------+-----+
|Utilization (%)  |        0|      5|        2|       3|    0|
+-----------------+---------+-------+---------+--------+-----+

+ Detail: 
    * Instance: 
    +---------------------------------------+-----------------------+---------+-------+-----+------+
    |                Instance               |         Module        | BRAM_18K| DSP48E|  FF |  LUT |
    +---------------------------------------+-----------------------+---------+-------+-----+------+
    |astroSim_dmul_64nbkb_U2                |astroSim_dmul_64nbkb   |        0|     11|  275|   185|
    |astroSim_dmul_64nbkb_U3                |astroSim_dmul_64nbkb   |        0|     11|  275|   185|
    |astroSim_dmul_64nbkb_U4                |astroSim_dmul_64nbkb   |        0|     11|  275|   185|
    |astroSim_dmul_64nbkb_U5                |astroSim_dmul_64nbkb   |        0|     11|  275|   185|
    |astroSim_dmul_64nbkb_U6                |astroSim_dmul_64nbkb   |        0|     11|  275|   185|
    |astroSim_dmul_64nbkb_U7                |astroSim_dmul_64nbkb   |        0|     11|  275|   185|
    |astroSim_dmul_64nbkb_U8                |astroSim_dmul_64nbkb   |        0|     11|  275|   185|
    |astroSim_dmul_64nbkb_U9                |astroSim_dmul_64nbkb   |        0|     11|  275|   185|
    |astroSim_dmul_64nbkb_U10               |astroSim_dmul_64nbkb   |        0|     11|  275|   185|
    |astroSim_mux_164_dEe_U20               |astroSim_mux_164_dEe   |        0|      0|  278|    65|
    |astroSim_mux_164_dEe_U21               |astroSim_mux_164_dEe   |        0|      0|  278|    65|
    |astroSim_mux_164_dEe_U22               |astroSim_mux_164_dEe   |        0|      0|  278|    65|
    |astroSim_mux_164_dEe_U23               |astroSim_mux_164_dEe   |        0|      0|  278|    65|
    |astroSim_mux_164_dEe_U24               |astroSim_mux_164_dEe   |        0|      0|  278|    65|
    |astroSim_mux_164_dEe_U25               |astroSim_mux_164_dEe   |        0|      0|  278|    65|
    |astroSim_mux_164_dEe_U26               |astroSim_mux_164_dEe   |        0|      0|  278|    65|
    |astroSim_mux_164_dEe_U27               |astroSim_mux_164_dEe   |        0|      0|  278|    65|
    |astroSim_mux_164_dEe_U28               |astroSim_mux_164_dEe   |        0|      0|  278|    65|
    |astroSim_mux_164_dEe_U29               |astroSim_mux_164_dEe   |        0|      0|  278|    65|
    |astroSim_mux_164_dEe_U30               |astroSim_mux_164_dEe   |        0|      0|  278|    65|
    |astroSim_mux_164_dEe_U31               |astroSim_mux_164_dEe   |        0|      0|  278|    65|
    |astroSim_mux_164_dEe_U32               |astroSim_mux_164_dEe   |        0|      0|  278|    65|
    |astroSim_mux_164_dEe_U33               |astroSim_mux_164_dEe   |        0|      0|  278|    65|
    |astroSim_mux_164_dEe_U34               |astroSim_mux_164_dEe   |        0|      0|  278|    65|
    |astroSim_mux_164_dEe_U35               |astroSim_mux_164_dEe   |        0|      0|  278|    65|
    |astroSim_mux_164_dEe_U36               |astroSim_mux_164_dEe   |        0|      0|  278|    65|
    |astroSim_mux_164_dEe_U37               |astroSim_mux_164_dEe   |        0|      0|  278|    65|
    |astroSim_mux_164_dEe_U38               |astroSim_mux_164_dEe   |        0|      0|  278|    65|
    |astroSim_mux_164_dEe_U39               |astroSim_mux_164_dEe   |        0|      0|  278|    65|
    |astroSim_mux_164_dEe_U40               |astroSim_mux_164_dEe   |        0|      0|  278|    65|
    |astroSim_mux_164_dEe_U41               |astroSim_mux_164_dEe   |        0|      0|  278|    65|
    |astroSim_mux_164_dEe_U42               |astroSim_mux_164_dEe   |        0|      0|  278|    65|
    |astroSim_mux_164_dEe_U43               |astroSim_mux_164_dEe   |        0|      0|  278|    65|
    |astroSim_mux_164_dEe_U44               |astroSim_mux_164_dEe   |        0|      0|  278|    65|
    |astroSim_mux_164_dEe_U45               |astroSim_mux_164_dEe   |        0|      0|  278|    65|
    |astroSim_mux_164_dEe_U46               |astroSim_mux_164_dEe   |        0|      0|  278|    65|
    |astroSim_mux_164_dEe_U47               |astroSim_mux_164_dEe   |        0|      0|  278|    65|
    |astroSim_mux_164_dEe_U48               |astroSim_mux_164_dEe   |        0|      0|  278|    65|
    |astroSim_mux_164_dEe_U49               |astroSim_mux_164_dEe   |        0|      0|  278|    65|
    |astroSim_mux_164_dEe_U50               |astroSim_mux_164_dEe   |        0|      0|  278|    65|
    |astroSim_mux_164_dEe_U51               |astroSim_mux_164_dEe   |        0|      0|  278|    65|
    |astroSim_mux_164_dEe_U52               |astroSim_mux_164_dEe   |        0|      0|  278|    65|
    |astroSim_mux_164_dEe_U53               |astroSim_mux_164_dEe   |        0|      0|  278|    65|
    |astroSim_mux_164_dEe_U54               |astroSim_mux_164_dEe   |        0|      0|  278|    65|
    |astroSim_mux_164_dEe_U55               |astroSim_mux_164_dEe   |        0|      0|  278|    65|
    |astroSim_mux_164_dEe_U56               |astroSim_mux_164_dEe   |        0|      0|  278|    65|
    |astroSim_mux_164_dEe_U57               |astroSim_mux_164_dEe   |        0|      0|  278|    65|
    |astroSim_mux_164_dEe_U58               |astroSim_mux_164_dEe   |        0|      0|  278|    65|
    |astroSim_mux_164_dEe_U59               |astroSim_mux_164_dEe   |        0|      0|  278|    65|
    |astroSim_mux_164_dEe_U60               |astroSim_mux_164_dEe   |        0|      0|  278|    65|
    |astroSim_mux_164_dEe_U61               |astroSim_mux_164_dEe   |        0|      0|  278|    65|
    |astroSim_mux_164_dEe_U62               |astroSim_mux_164_dEe   |        0|      0|  278|    65|
    |astroSim_mux_164_dEe_U63               |astroSim_mux_164_dEe   |        0|      0|  278|    65|
    |astroSim_sitodp_6cud_U11               |astroSim_sitodp_6cud   |        0|      0|  189|   406|
    |astroSim_sitodp_6cud_U12               |astroSim_sitodp_6cud   |        0|      0|  189|   406|
    |astroSim_sitodp_6cud_U13               |astroSim_sitodp_6cud   |        0|      0|  189|   406|
    |astroSim_sitodp_6cud_U14               |astroSim_sitodp_6cud   |        0|      0|  189|   406|
    |astroSim_sitodp_6cud_U15               |astroSim_sitodp_6cud   |        0|      0|  189|   406|
    |astroSim_sitodp_6cud_U16               |astroSim_sitodp_6cud   |        0|      0|  189|   406|
    |astroSim_sitodp_6cud_U17               |astroSim_sitodp_6cud   |        0|      0|  189|   406|
    |astroSim_sitodp_6cud_U18               |astroSim_sitodp_6cud   |        0|      0|  189|   406|
    |astroSim_sitodp_6cud_U19               |astroSim_sitodp_6cud   |        0|      0|  189|   406|
    |tmp_15_p_hls_fptosi_double_s_fu_754    |p_hls_fptosi_double_s  |        0|      0|  530|  1016|
    |tmp_19_p_hls_fptosi_double_s_fu_759    |p_hls_fptosi_double_s  |        0|      0|  530|  1016|
    |tmp_23_p_hls_fptosi_double_s_fu_764    |p_hls_fptosi_double_s  |        0|      0|  530|  1016|
    |tmp_49_1_p_hls_fptosi_double_s_fu_769  |p_hls_fptosi_double_s  |        0|      0|  530|  1016|
    |tmp_53_1_p_hls_fptosi_double_s_fu_774  |p_hls_fptosi_double_s  |        0|      0|  530|  1016|
    |tmp_57_1_p_hls_fptosi_double_s_fu_779  |p_hls_fptosi_double_s  |        0|      0|  530|  1016|
    |tmp_49_2_p_hls_fptosi_double_s_fu_784  |p_hls_fptosi_double_s  |        0|      0|  530|  1016|
    |tmp_53_2_p_hls_fptosi_double_s_fu_789  |p_hls_fptosi_double_s  |        0|      0|  530|  1016|
    |tmp_57_2_p_hls_fptosi_double_s_fu_794  |p_hls_fptosi_double_s  |        0|      0|  530|  1016|
    +---------------------------------------+-----------------------+---------+-------+-----+------+
    |Total                                  |                       |        0|     99|21178| 17323|
    +---------------------------------------+-----------------------+---------+-------+-----+------+

    * DSP48: 
    N/A

    * Memory: 
    N/A

    * FIFO: 
    N/A

    * Expression: 
    +-------------------------+----------+-------+---+----+------------+------------+
    |      Variable Name      | Operation| DSP48E| FF| LUT| Bitwidth P0| Bitwidth P1|
    +-------------------------+----------+-------+---+----+------------+------------+
    |i_3_0_t_fu_949_p2        |     +    |      0|  0|  12|           4|           1|
    |i_3_1_t_fu_955_p2        |     +    |      0|  0|  12|           4|           2|
    |i_3_2_fu_961_p2          |     +    |      0|  0|  12|           4|           2|
    |tmp_16_fu_1137_p2        |     +    |      0|  0|  71|          64|          64|
    |tmp_20_fu_1295_p2        |     +    |      0|  0|  71|          64|          64|
    |tmp_24_fu_1453_p2        |     +    |      0|  0|  71|          64|          64|
    |tmp_50_1_fu_1610_p2      |     +    |      0|  0|  71|          64|          64|
    |tmp_50_2_fu_2072_p2      |     +    |      0|  0|  71|          64|          64|
    |tmp_54_1_fu_1764_p2      |     +    |      0|  0|  71|          64|          64|
    |tmp_54_2_fu_2226_p2      |     +    |      0|  0|  71|          64|          64|
    |tmp_58_1_fu_1918_p2      |     +    |      0|  0|  71|          64|          64|
    |tmp_58_2_fu_2380_p2      |     +    |      0|  0|  71|          64|          64|
    |sel_tmp2_fu_889_p2       |   icmp   |      0|  0|   2|           4|           1|
    |sel_tmp_fu_877_p2        |   icmp   |      0|  0|   2|           4|           2|
    |tmp_fu_871_p2            |   icmp   |      0|  0|   2|           4|           4|
    |grp_fu_844_p0            |  select  |      0|  0|  64|           1|          64|
    |sel_tmp1_fu_883_p3       |  select  |      0|  0|  64|           1|          64|
    |ap_enable_pp0            |    xor   |      0|  0|   2|           1|           2|
    |ap_enable_reg_pp0_iter1  |    xor   |      0|  0|   2|           1|           2|
    +-------------------------+----------+-------+---+----+------------+------------+
    |Total                    |          |      0|  0| 813|         604|         720|
    +-------------------------+----------+-------+---+----+------------+------------+

    * Multiplexer: 
    +-------------------------+----+-----------+-----+-----------+
    |           Name          | LUT| Input Size| Bits| Total Bits|
    +-------------------------+----+-----------+-----+-----------+
    |ap_NS_fsm                |  21|          4|    1|          4|
    |ap_enable_reg_pp0_iter1  |   9|          2|    1|          2|
    |ap_enable_reg_pp0_iter8  |   9|          2|    1|          2|
    |i_phi_fu_746_p4          |   9|          2|    4|          8|
    |i_reg_742                |   9|          2|    4|          8|
    |p_int_x1_reg_482         |   9|          2|   64|        128|
    |p_int_x2_reg_492         |   9|          2|   64|        128|
    |p_int_x3_phi_fu_505_p4   |   9|          2|   64|        128|
    |p_int_x3_reg_502         |   9|          2|   64|        128|
    |p_int_x4_reg_512         |   9|          2|   64|        128|
    |p_int_x5_reg_522         |   9|          2|   64|        128|
    |p_int_x6_phi_fu_535_p4   |   9|          2|   64|        128|
    |p_int_x6_reg_532         |   9|          2|   64|        128|
    |p_int_x7_reg_542         |   9|          2|   64|        128|
    |p_int_x8_reg_552         |   9|          2|   64|        128|
    |p_int_x_phi_fu_475_p4    |   9|          2|   64|        128|
    |p_int_x_reg_472          |   9|          2|   64|        128|
    |p_int_y1_reg_582         |   9|          2|   64|        128|
    |p_int_y2_phi_fu_595_p4   |   9|          2|   64|        128|
    |p_int_y2_reg_592         |   9|          2|   64|        128|
    |p_int_y3_reg_602         |   9|          2|   64|        128|
    |p_int_y4_reg_612         |   9|          2|   64|        128|
    |p_int_y5_phi_fu_625_p4   |   9|          2|   64|        128|
    |p_int_y5_reg_622         |   9|          2|   64|        128|
    |p_int_y6_reg_632         |   9|          2|   64|        128|
    |p_int_y7_reg_642         |   9|          2|   64|        128|
    |p_int_y9_reg_572         |   9|          2|   64|        128|
    |p_int_y_phi_fu_565_p4    |   9|          2|   64|        128|
    |p_int_y_reg_562          |   9|          2|   64|        128|
    |p_int_z1_reg_662         |   9|          2|   64|        128|
    |p_int_z2_reg_672         |   9|          2|   64|        128|
    |p_int_z3_phi_fu_685_p4   |   9|          2|   64|        128|
    |p_int_z3_reg_682         |   9|          2|   64|        128|
    |p_int_z4_reg_692         |   9|          2|   64|        128|
    |p_int_z5_reg_702         |   9|          2|   64|        128|
    |p_int_z6_phi_fu_715_p4   |   9|          2|   64|        128|
    |p_int_z6_reg_712         |   9|          2|   64|        128|
    |p_int_z7_reg_722         |   9|          2|   64|        128|
    |p_int_z8_reg_732         |   9|          2|   64|        128|
    |p_int_z_phi_fu_655_p4    |   9|          2|   64|        128|
    |p_int_z_reg_652          |   9|          2|   64|        128|
    +-------------------------+----+-----------+-----+-----------+
    |Total                    | 381|         84| 2315|       4632|
    +-------------------------+----+-----------+-----+-----------+

    * Register: 
    +----------------------------+----+----+-----+-----------+
    |            Name            | FF | LUT| Bits| Const Bits|
    +----------------------------+----+----+-----+-----------+
    |ap_CS_fsm                   |   3|   0|    3|          0|
    |ap_enable_reg_pp0_iter0     |   1|   0|    1|          0|
    |ap_enable_reg_pp0_iter1     |   1|   0|    1|          0|
    |ap_enable_reg_pp0_iter2     |   1|   0|    1|          0|
    |ap_enable_reg_pp0_iter3     |   1|   0|    1|          0|
    |ap_enable_reg_pp0_iter4     |   1|   0|    1|          0|
    |ap_enable_reg_pp0_iter5     |   1|   0|    1|          0|
    |ap_enable_reg_pp0_iter6     |   1|   0|    1|          0|
    |ap_enable_reg_pp0_iter7     |   1|   0|    1|          0|
    |ap_enable_reg_pp0_iter8     |   1|   0|    1|          0|
    |ap_return_0                 |  64|   0|   64|          0|
    |ap_return_1                 |  64|   0|   64|          0|
    |ap_return_10                |  64|   0|   64|          0|
    |ap_return_11                |  64|   0|   64|          0|
    |ap_return_12                |  64|   0|   64|          0|
    |ap_return_13                |  64|   0|   64|          0|
    |ap_return_14                |  64|   0|   64|          0|
    |ap_return_15                |  64|   0|   64|          0|
    |ap_return_16                |  64|   0|   64|          0|
    |ap_return_17                |  64|   0|   64|          0|
    |ap_return_18                |  64|   0|   64|          0|
    |ap_return_19                |  64|   0|   64|          0|
    |ap_return_2                 |  64|   0|   64|          0|
    |ap_return_20                |  64|   0|   64|          0|
    |ap_return_21                |  64|   0|   64|          0|
    |ap_return_22                |  64|   0|   64|          0|
    |ap_return_23                |  64|   0|   64|          0|
    |ap_return_24                |  64|   0|   64|          0|
    |ap_return_25                |  64|   0|   64|          0|
    |ap_return_26                |  64|   0|   64|          0|
    |ap_return_3                 |  64|   0|   64|          0|
    |ap_return_4                 |  64|   0|   64|          0|
    |ap_return_5                 |  64|   0|   64|          0|
    |ap_return_6                 |  64|   0|   64|          0|
    |ap_return_7                 |  64|   0|   64|          0|
    |ap_return_8                 |  64|   0|   64|          0|
    |ap_return_9                 |  64|   0|   64|          0|
    |i_3_0_t_reg_3052            |   4|   0|    4|          0|
    |i_3_1_t_reg_3071            |   4|   0|    4|          0|
    |i_3_2_reg_3090              |   4|   0|    4|          0|
    |i_reg_742                   |   4|   0|    4|          0|
    |p_int_0_vx_read_2_reg_2893  |  64|   0|   64|          0|
    |p_int_0_vy_read_2_reg_2822  |  64|   0|   64|          0|
    |p_int_0_vz_read_2_reg_2738  |  64|   0|   64|          0|
    |p_int_1_vx_read_2_reg_2888  |  64|   0|   64|          0|
    |p_int_1_vy_read_2_reg_2817  |  64|   0|   64|          0|
    |p_int_1_vz_read_2_reg_2733  |  64|   0|   64|          0|
    |p_int_2_vx_read_2_reg_2883  |  64|   0|   64|          0|
    |p_int_2_vy_read_2_reg_2812  |  64|   0|   64|          0|
    |p_int_2_vz_read_2_reg_2728  |  64|   0|   64|          0|
    |p_int_3_vx_read31_reg_2878  |  64|   0|   64|          0|
    |p_int_3_vy_read_2_reg_2807  |  64|   0|   64|          0|
    |p_int_3_vz_read_2_reg_2723  |  64|   0|   64|          0|
    |p_int_4_vx_read_2_reg_2873  |  64|   0|   64|          0|
    |p_int_4_vy_read41_reg_2802  |  64|   0|   64|          0|
    |p_int_4_vz_read_2_reg_2718  |  64|   0|   64|          0|
    |p_int_5_vx_read_2_reg_2868  |  64|   0|   64|          0|
    |p_int_5_vy_read_2_reg_2797  |  64|   0|   64|          0|
    |p_int_5_vz_read51_reg_2713  |  64|   0|   64|          0|
    |p_int_6_vx_read_2_reg_2863  |  64|   0|   64|          0|
    |p_int_6_vy_read_2_reg_2779  |  64|   0|   64|          0|
    |p_int_6_vz_read_2_reg_2695  |  64|   0|   64|          0|
    |p_int_7_vx_read_2_reg_2845  |  64|   0|   64|          0|
    |p_int_7_vy_read_2_reg_2761  |  64|   0|   64|          0|
    |p_int_7_vz_read_2_reg_2677  |  64|   0|   64|          0|
    |p_int_8_vx_read_2_reg_2827  |  64|   0|   64|          0|
    |p_int_8_vy_read_2_reg_2743  |  64|   0|   64|          0|
    |p_int_8_vz_read_2_reg_2659  |  64|   0|   64|          0|
    |p_int_x1_reg_482            |  64|   0|   64|          0|
    |p_int_x2_reg_492            |  64|   0|   64|          0|
    |p_int_x3_1_reg_3190         |  64|   0|   64|          0|
    |p_int_x3_reg_502            |  64|   0|   64|          0|
    |p_int_x4_reg_512            |  64|   0|   64|          0|
    |p_int_x5_reg_522            |  64|   0|   64|          0|
    |p_int_x6_1_reg_3185         |  64|   0|   64|          0|
    |p_int_x6_reg_532            |  64|   0|   64|          0|
    |p_int_x7_reg_542            |  64|   0|   64|          0|
    |p_int_x8_reg_552            |  64|   0|   64|          0|
    |p_int_x_1_reg_3195          |  64|   0|   64|          0|
    |p_int_x_reg_472             |  64|   0|   64|          0|
    |p_int_y1114_1_reg_3205      |  64|   0|   64|          0|
    |p_int_y14_1_reg_3200        |  64|   0|   64|          0|
    |p_int_y1_reg_582            |  64|   0|   64|          0|
    |p_int_y2_reg_592            |  64|   0|   64|          0|
    |p_int_y3_reg_602            |  64|   0|   64|          0|
    |p_int_y4_reg_612            |  64|   0|   64|          0|
    |p_int_y5_reg_622            |  64|   0|   64|          0|
    |p_int_y6_reg_632            |  64|   0|   64|          0|
    |p_int_y7_reg_642            |  64|   0|   64|          0|
    |p_int_y9_reg_572            |  64|   0|   64|          0|
    |p_int_y_1_reg_3210          |  64|   0|   64|          0|
    |p_int_y_reg_562             |  64|   0|   64|          0|
    |p_int_z19_1_reg_3220        |  64|   0|   64|          0|
    |p_int_z1_reg_662            |  64|   0|   64|          0|
    |p_int_z22_1_reg_3215        |  64|   0|   64|          0|
    |p_int_z2_reg_672            |  64|   0|   64|          0|
    |p_int_z3_reg_682            |  64|   0|   64|          0|
    |p_int_z4_reg_692            |  64|   0|   64|          0|
    |p_int_z5_reg_702            |  64|   0|   64|          0|
    |p_int_z6_reg_712            |  64|   0|   64|          0|
    |p_int_z7_reg_722            |  64|   0|   64|          0|
    |p_int_z8_reg_732            |  64|   0|   64|          0|
    |p_int_z_1_reg_3225          |  64|   0|   64|          0|
    |p_int_z_reg_652             |  64|   0|   64|          0|
    |tmp_13_reg_3125             |  64|   0|   64|          0|
    |tmp_14_reg_3170             |  64|   0|   64|          0|
    |tmp_17_reg_3130             |  64|   0|   64|          0|
    |tmp_18_reg_3175             |  64|   0|   64|          0|
    |tmp_21_reg_3135             |  64|   0|   64|          0|
    |tmp_22_reg_3180             |  64|   0|   64|          0|
    |tmp_47_1_reg_3140           |  64|   0|   64|          0|
    |tmp_47_2_reg_3155           |  64|   0|   64|          0|
    |tmp_48_1_reg_3230           |  64|   0|   64|          0|
    |tmp_48_2_reg_3245           |  64|   0|   64|          0|
    |tmp_51_1_reg_3145           |  64|   0|   64|          0|
    |tmp_51_2_reg_3160           |  64|   0|   64|          0|
    |tmp_52_1_reg_3235           |  64|   0|   64|          0|
    |tmp_52_2_reg_3250           |  64|   0|   64|          0|
    |tmp_55_1_reg_3150           |  64|   0|   64|          0|
    |tmp_55_2_reg_3165           |  64|   0|   64|          0|
    |tmp_56_1_reg_3240           |  64|   0|   64|          0|
    |tmp_56_2_reg_3255           |  64|   0|   64|          0|
    |tmp_reg_3033                |   1|   0|    1|          0|
    |i_3_0_t_reg_3052            |  64|  32|    4|          0|
    |i_3_1_t_reg_3071            |  64|  32|    4|          0|
    |i_reg_742                   |  64|  32|    4|          0|
    |tmp_reg_3033                |  64|  32|    1|          0|
    +----------------------------+----+----+-----+-----------+
    |Total                       |7197| 128| 6954|          0|
    +----------------------------+----+----+-----+-----------+



================================================================
== Interface
================================================================
* Summary: 
+-----------------+-----+-----+------------+-----------------+--------------+
|    RTL Ports    | Dir | Bits|  Protocol  |  Source Object  |    C Type    |
+-----------------+-----+-----+------------+-----------------+--------------+
|ap_clk           |  in |    1| ap_ctrl_hs |      drift      | return value |
|ap_rst           |  in |    1| ap_ctrl_hs |      drift      | return value |
|ap_start         |  in |    1| ap_ctrl_hs |      drift      | return value |
|ap_done          | out |    1| ap_ctrl_hs |      drift      | return value |
|ap_idle          | out |    1| ap_ctrl_hs |      drift      | return value |
|ap_ready         | out |    1| ap_ctrl_hs |      drift      | return value |
|ap_return_0      | out |   64| ap_ctrl_hs |      drift      | return value |
|ap_return_1      | out |   64| ap_ctrl_hs |      drift      | return value |
|ap_return_2      | out |   64| ap_ctrl_hs |      drift      | return value |
|ap_return_3      | out |   64| ap_ctrl_hs |      drift      | return value |
|ap_return_4      | out |   64| ap_ctrl_hs |      drift      | return value |
|ap_return_5      | out |   64| ap_ctrl_hs |      drift      | return value |
|ap_return_6      | out |   64| ap_ctrl_hs |      drift      | return value |
|ap_return_7      | out |   64| ap_ctrl_hs |      drift      | return value |
|ap_return_8      | out |   64| ap_ctrl_hs |      drift      | return value |
|ap_return_9      | out |   64| ap_ctrl_hs |      drift      | return value |
|ap_return_10     | out |   64| ap_ctrl_hs |      drift      | return value |
|ap_return_11     | out |   64| ap_ctrl_hs |      drift      | return value |
|ap_return_12     | out |   64| ap_ctrl_hs |      drift      | return value |
|ap_return_13     | out |   64| ap_ctrl_hs |      drift      | return value |
|ap_return_14     | out |   64| ap_ctrl_hs |      drift      | return value |
|ap_return_15     | out |   64| ap_ctrl_hs |      drift      | return value |
|ap_return_16     | out |   64| ap_ctrl_hs |      drift      | return value |
|ap_return_17     | out |   64| ap_ctrl_hs |      drift      | return value |
|ap_return_18     | out |   64| ap_ctrl_hs |      drift      | return value |
|ap_return_19     | out |   64| ap_ctrl_hs |      drift      | return value |
|ap_return_20     | out |   64| ap_ctrl_hs |      drift      | return value |
|ap_return_21     | out |   64| ap_ctrl_hs |      drift      | return value |
|ap_return_22     | out |   64| ap_ctrl_hs |      drift      | return value |
|ap_return_23     | out |   64| ap_ctrl_hs |      drift      | return value |
|ap_return_24     | out |   64| ap_ctrl_hs |      drift      | return value |
|ap_return_25     | out |   64| ap_ctrl_hs |      drift      | return value |
|ap_return_26     | out |   64| ap_ctrl_hs |      drift      | return value |
|p_int_0_x_read   |  in |   64|   ap_none  |  p_int_0_x_read |    scalar    |
|p_int_1_x_read   |  in |   64|   ap_none  |  p_int_1_x_read |    scalar    |
|p_int_2_x_read   |  in |   64|   ap_none  |  p_int_2_x_read |    scalar    |
|p_int_3_x_read   |  in |   64|   ap_none  |  p_int_3_x_read |    scalar    |
|p_int_4_x_read   |  in |   64|   ap_none  |  p_int_4_x_read |    scalar    |
|p_int_5_x_read   |  in |   64|   ap_none  |  p_int_5_x_read |    scalar    |
|p_int_6_x_read   |  in |   64|   ap_none  |  p_int_6_x_read |    scalar    |
|p_int_7_x_read   |  in |   64|   ap_none  |  p_int_7_x_read |    scalar    |
|p_int_8_x_read   |  in |   64|   ap_none  |  p_int_8_x_read |    scalar    |
|p_int_0_y_read   |  in |   64|   ap_none  |  p_int_0_y_read |    scalar    |
|p_int_1_y_read   |  in |   64|   ap_none  |  p_int_1_y_read |    scalar    |
|p_int_2_y_read   |  in |   64|   ap_none  |  p_int_2_y_read |    scalar    |
|p_int_3_y_read   |  in |   64|   ap_none  |  p_int_3_y_read |    scalar    |
|p_int_4_y_read   |  in |   64|   ap_none  |  p_int_4_y_read |    scalar    |
|p_int_5_y_read   |  in |   64|   ap_none  |  p_int_5_y_read |    scalar    |
|p_int_6_y_read   |  in |   64|   ap_none  |  p_int_6_y_read |    scalar    |
|p_int_7_y_read   |  in |   64|   ap_none  |  p_int_7_y_read |    scalar    |
|p_int_8_y_read   |  in |   64|   ap_none  |  p_int_8_y_read |    scalar    |
|p_int_0_z_read   |  in |   64|   ap_none  |  p_int_0_z_read |    scalar    |
|p_int_1_z_read   |  in |   64|   ap_none  |  p_int_1_z_read |    scalar    |
|p_int_2_z_read   |  in |   64|   ap_none  |  p_int_2_z_read |    scalar    |
|p_int_3_z_read   |  in |   64|   ap_none  |  p_int_3_z_read |    scalar    |
|p_int_4_z_read   |  in |   64|   ap_none  |  p_int_4_z_read |    scalar    |
|p_int_5_z_read   |  in |   64|   ap_none  |  p_int_5_z_read |    scalar    |
|p_int_6_z_read   |  in |   64|   ap_none  |  p_int_6_z_read |    scalar    |
|p_int_7_z_read   |  in |   64|   ap_none  |  p_int_7_z_read |    scalar    |
|p_int_8_z_read   |  in |   64|   ap_none  |  p_int_8_z_read |    scalar    |
|p_int_0_vx_read  |  in |   64|   ap_none  | p_int_0_vx_read |    scalar    |
|p_int_1_vx_read  |  in |   64|   ap_none  | p_int_1_vx_read |    scalar    |
|p_int_2_vx_read  |  in |   64|   ap_none  | p_int_2_vx_read |    scalar    |
|p_int_3_vx_read  |  in |   64|   ap_none  | p_int_3_vx_read |    scalar    |
|p_int_4_vx_read  |  in |   64|   ap_none  | p_int_4_vx_read |    scalar    |
|p_int_5_vx_read  |  in |   64|   ap_none  | p_int_5_vx_read |    scalar    |
|p_int_6_vx_read  |  in |   64|   ap_none  | p_int_6_vx_read |    scalar    |
|p_int_7_vx_read  |  in |   64|   ap_none  | p_int_7_vx_read |    scalar    |
|p_int_8_vx_read  |  in |   64|   ap_none  | p_int_8_vx_read |    scalar    |
|p_int_0_vy_read  |  in |   64|   ap_none  | p_int_0_vy_read |    scalar    |
|p_int_1_vy_read  |  in |   64|   ap_none  | p_int_1_vy_read |    scalar    |
|p_int_2_vy_read  |  in |   64|   ap_none  | p_int_2_vy_read |    scalar    |
|p_int_3_vy_read  |  in |   64|   ap_none  | p_int_3_vy_read |    scalar    |
|p_int_4_vy_read  |  in |   64|   ap_none  | p_int_4_vy_read |    scalar    |
|p_int_5_vy_read  |  in |   64|   ap_none  | p_int_5_vy_read |    scalar    |
|p_int_6_vy_read  |  in |   64|   ap_none  | p_int_6_vy_read |    scalar    |
|p_int_7_vy_read  |  in |   64|   ap_none  | p_int_7_vy_read |    scalar    |
|p_int_8_vy_read  |  in |   64|   ap_none  | p_int_8_vy_read |    scalar    |
|p_int_0_vz_read  |  in |   64|   ap_none  | p_int_0_vz_read |    scalar    |
|p_int_1_vz_read  |  in |   64|   ap_none  | p_int_1_vz_read |    scalar    |
|p_int_2_vz_read  |  in |   64|   ap_none  | p_int_2_vz_read |    scalar    |
|p_int_3_vz_read  |  in |   64|   ap_none  | p_int_3_vz_read |    scalar    |
|p_int_4_vz_read  |  in |   64|   ap_none  | p_int_4_vz_read |    scalar    |
|p_int_5_vz_read  |  in |   64|   ap_none  | p_int_5_vz_read |    scalar    |
|p_int_6_vz_read  |  in |   64|   ap_none  | p_int_6_vz_read |    scalar    |
|p_int_7_vz_read  |  in |   64|   ap_none  | p_int_7_vz_read |    scalar    |
|p_int_8_vz_read  |  in |   64|   ap_none  | p_int_8_vz_read |    scalar    |
+-----------------+-----+-----+------------+-----------------+--------------+

