

================================================================
== Vivado HLS Report for 'gravity'
================================================================
* Date:           Wed Nov  8 16:07:50 2017

* Version:        2017.1 (Build 1846317 on Fri Apr 14 19:19:38 MDT 2017)
* Project:        astroSim
* Solution:       solution1
* Product family: zynquplus
* Target device:  xczu19eg-ffve1924-3-e-es2


================================================================
== Performance Estimates
================================================================
+ Timing (ns): 
    * Summary: 
    +--------+-------+----------+------------+
    |  Clock | Target| Estimated| Uncertainty|
    +--------+-------+----------+------------+
    |ap_clk  |  10.00|      9.46|        1.25|
    +--------+-------+----------+------------+

+ Latency (clock cycles): 
    * Summary: 
    +-----+-----+-----+-----+---------+
    |  Latency  |  Interval | Pipeline|
    | min | max | min | max |   Type  |
    +-----+-----+-----+-----+---------+
    |   90|   90|   90|   90|   none  |
    +-----+-----+-----+-----+---------+

    + Detail: 
        * Instance: 
        N/A

        * Loop: 
        N/A



================================================================
== Utilization Estimates
================================================================
* Summary: 
+-----------------+---------+-------+---------+--------+-----+
|       Name      | BRAM_18K| DSP48E|    FF   |   LUT  | URAM|
+-----------------+---------+-------+---------+--------+-----+
|DSP              |        -|      -|        -|       -|    -|
|Expression       |        -|      -|        -|       -|    -|
|FIFO             |        -|      -|        -|       -|    -|
|Instance         |        -|    607|    63757|  106330|    -|
|Memory           |        -|      -|        -|       -|    -|
|Multiplexer      |        -|      -|        -|    9678|    -|
|Register         |        -|      -|    25627|       -|    -|
+-----------------+---------+-------+---------+--------+-----+
|Total            |        0|    607|    89384|  116008|    0|
+-----------------+---------+-------+---------+--------+-----+
|Available        |     1968|   1968|  1045440|  522720|  128|
+-----------------+---------+-------+---------+--------+-----+
|Utilization (%)  |        0|     30|        8|      22|    0|
+-----------------+---------+-------+---------+--------+-----+

+ Detail: 
    * Instance: 
    +-----------------------------+----------------------+---------+-------+------+------+
    |           Instance          |        Module        | BRAM_18K| DSP48E|  FF  |  LUT |
    +-----------------------------+----------------------+---------+-------+------+------+
    |astroSim_dadd_64ng8j_U315    |astroSim_dadd_64ng8j  |        0|      3|   429|   760|
    |astroSim_dadd_64ng8j_U328    |astroSim_dadd_64ng8j  |        0|      3|   429|   760|
    |astroSim_dadd_64ng8j_U329    |astroSim_dadd_64ng8j  |        0|      3|   429|   760|
    |astroSim_dadd_64ng8j_U335    |astroSim_dadd_64ng8j  |        0|      3|   429|   760|
    |astroSim_dadd_64ng8j_U336    |astroSim_dadd_64ng8j  |        0|      3|   429|   760|
    |astroSim_dadddsubeOg_U279    |astroSim_dadddsubeOg  |        0|      3|   429|   760|
    |astroSim_dadddsubeOg_U280    |astroSim_dadddsubeOg  |        0|      3|   429|   760|
    |astroSim_dadddsubeOg_U281    |astroSim_dadddsubeOg  |        0|      3|   429|   760|
    |astroSim_dadddsubeOg_U282    |astroSim_dadddsubeOg  |        0|      3|   429|   760|
    |astroSim_dadddsubeOg_U283    |astroSim_dadddsubeOg  |        0|      3|   429|   760|
    |astroSim_dadddsubeOg_U284    |astroSim_dadddsubeOg  |        0|      3|   429|   760|
    |astroSim_dadddsubeOg_U285    |astroSim_dadddsubeOg  |        0|      3|   429|   760|
    |astroSim_dadddsubeOg_U286    |astroSim_dadddsubeOg  |        0|      3|   429|   760|
    |astroSim_dadddsubeOg_U287    |astroSim_dadddsubeOg  |        0|      3|   429|   760|
    |astroSim_dadddsubeOg_U288    |astroSim_dadddsubeOg  |        0|      3|   429|   760|
    |astroSim_dadddsubeOg_U289    |astroSim_dadddsubeOg  |        0|      3|   429|   760|
    |astroSim_dadddsubeOg_U290    |astroSim_dadddsubeOg  |        0|      3|   429|   760|
    |astroSim_dadddsubeOg_U291    |astroSim_dadddsubeOg  |        0|      3|   429|   760|
    |astroSim_dadddsubeOg_U292    |astroSim_dadddsubeOg  |        0|      3|   429|   760|
    |astroSim_dadddsubeOg_U293    |astroSim_dadddsubeOg  |        0|      3|   429|   760|
    |astroSim_dadddsubeOg_U294    |astroSim_dadddsubeOg  |        0|      3|   429|   760|
    |astroSim_dadddsubeOg_U295    |astroSim_dadddsubeOg  |        0|      3|   429|   760|
    |astroSim_dadddsubeOg_U296    |astroSim_dadddsubeOg  |        0|      3|   429|   760|
    |astroSim_dadddsubeOg_U297    |astroSim_dadddsubeOg  |        0|      3|   429|   760|
    |astroSim_dadddsubeOg_U298    |astroSim_dadddsubeOg  |        0|      3|   429|   760|
    |astroSim_dadddsubeOg_U299    |astroSim_dadddsubeOg  |        0|      3|   429|   760|
    |astroSim_dadddsubeOg_U300    |astroSim_dadddsubeOg  |        0|      3|   429|   760|
    |astroSim_dadddsubeOg_U301    |astroSim_dadddsubeOg  |        0|      3|   429|   760|
    |astroSim_dadddsubeOg_U302    |astroSim_dadddsubeOg  |        0|      3|   429|   760|
    |astroSim_dadddsubeOg_U303    |astroSim_dadddsubeOg  |        0|      3|   429|   760|
    |astroSim_dadddsubeOg_U304    |astroSim_dadddsubeOg  |        0|      3|   429|   760|
    |astroSim_dadddsubeOg_U305    |astroSim_dadddsubeOg  |        0|      3|   429|   760|
    |astroSim_dadddsubeOg_U307    |astroSim_dadddsubeOg  |        0|      3|   429|   760|
    |astroSim_dadddsubeOg_U308    |astroSim_dadddsubeOg  |        0|      3|   429|   760|
    |astroSim_dadddsubeOg_U309    |astroSim_dadddsubeOg  |        0|      3|   429|   760|
    |astroSim_dadddsubeOg_U310    |astroSim_dadddsubeOg  |        0|      3|   429|   760|
    |astroSim_dadddsubeOg_U311    |astroSim_dadddsubeOg  |        0|      3|   429|   760|
    |astroSim_dadddsubeOg_U312    |astroSim_dadddsubeOg  |        0|      3|   429|   760|
    |astroSim_dadddsubeOg_U314    |astroSim_dadddsubeOg  |        0|      3|   429|   760|
    |astroSim_dadddsubeOg_U319    |astroSim_dadddsubeOg  |        0|      3|   429|   760|
    |astroSim_dadddsubeOg_U320    |astroSim_dadddsubeOg  |        0|      3|   429|   760|
    |astroSim_dadddsubeOg_U321    |astroSim_dadddsubeOg  |        0|      3|   429|   760|
    |astroSim_dadddsubeOg_U322    |astroSim_dadddsubeOg  |        0|      3|   429|   760|
    |astroSim_ddiv_64nhbi_U380    |astroSim_ddiv_64nhbi  |        0|      0|  1708|  3246|
    |astroSim_ddiv_64nhbi_U381    |astroSim_ddiv_64nhbi  |        0|      0|  1708|  3246|
    |astroSim_ddiv_64nhbi_U382    |astroSim_ddiv_64nhbi  |        0|      0|  1708|  3246|
    |astroSim_ddiv_64nhbi_U383    |astroSim_ddiv_64nhbi  |        0|      0|  1708|  3246|
    |astroSim_ddiv_64nhbi_U384    |astroSim_ddiv_64nhbi  |        0|      0|  1708|  3246|
    |astroSim_ddiv_64nhbi_U385    |astroSim_ddiv_64nhbi  |        0|      0|  1708|  3246|
    |astroSim_ddiv_64nhbi_U386    |astroSim_ddiv_64nhbi  |        0|      0|  1708|  3246|
    |astroSim_ddiv_64nhbi_U387    |astroSim_ddiv_64nhbi  |        0|      0|  1708|  3246|
    |astroSim_ddiv_64nhbi_U388    |astroSim_ddiv_64nhbi  |        0|      0|  1708|  3246|
    |astroSim_ddiv_64nhbi_U389    |astroSim_ddiv_64nhbi  |        0|      0|  1708|  3246|
    |astroSim_dmul_64nbkb_x_U342  |astroSim_dmul_64nbkb  |        0|     11|   275|   185|
    |astroSim_dmul_64nbkb_x_U343  |astroSim_dmul_64nbkb  |        0|     11|   275|   185|
    |astroSim_dmul_64nbkb_x_U344  |astroSim_dmul_64nbkb  |        0|     11|   275|   185|
    |astroSim_dmul_64nbkb_x_U345  |astroSim_dmul_64nbkb  |        0|     11|   275|   185|
    |astroSim_dmul_64nbkb_x_U346  |astroSim_dmul_64nbkb  |        0|     11|   275|   185|
    |astroSim_dmul_64nbkb_x_U347  |astroSim_dmul_64nbkb  |        0|     11|   275|   185|
    |astroSim_dmul_64nbkb_x_U348  |astroSim_dmul_64nbkb  |        0|     11|   275|   185|
    |astroSim_dmul_64nbkb_x_U349  |astroSim_dmul_64nbkb  |        0|     11|   275|   185|
    |astroSim_dmul_64nbkb_x_U350  |astroSim_dmul_64nbkb  |        0|     11|   275|   185|
    |astroSim_dmul_64nbkb_x_U351  |astroSim_dmul_64nbkb  |        0|     11|   275|   185|
    |astroSim_dmul_64nbkb_x_U352  |astroSim_dmul_64nbkb  |        0|     11|   275|   185|
    |astroSim_dmul_64nbkb_x_U353  |astroSim_dmul_64nbkb  |        0|     11|   275|   185|
    |astroSim_dmul_64nbkb_x_U354  |astroSim_dmul_64nbkb  |        0|     11|   275|   185|
    |astroSim_dmul_64nbkb_x_U355  |astroSim_dmul_64nbkb  |        0|     11|   275|   185|
    |astroSim_dmul_64nbkb_x_U356  |astroSim_dmul_64nbkb  |        0|     11|   275|   185|
    |astroSim_dmul_64nbkb_x_U357  |astroSim_dmul_64nbkb  |        0|     11|   275|   185|
    |astroSim_dmul_64nbkb_x_U358  |astroSim_dmul_64nbkb  |        0|     11|   275|   185|
    |astroSim_dmul_64nbkb_x_U359  |astroSim_dmul_64nbkb  |        0|     11|   275|   185|
    |astroSim_dmul_64nbkb_x_U360  |astroSim_dmul_64nbkb  |        0|     11|   275|   185|
    |astroSim_dmul_64nbkb_x_U361  |astroSim_dmul_64nbkb  |        0|     11|   275|   185|
    |astroSim_dmul_64nbkb_x_U362  |astroSim_dmul_64nbkb  |        0|     11|   275|   185|
    |astroSim_dmul_64nbkb_x_U363  |astroSim_dmul_64nbkb  |        0|     11|   275|   185|
    |astroSim_dmul_64nbkb_x_U364  |astroSim_dmul_64nbkb  |        0|     11|   275|   185|
    |astroSim_dmul_64nbkb_x_U365  |astroSim_dmul_64nbkb  |        0|     11|   275|   185|
    |astroSim_dmul_64nbkb_x_U366  |astroSim_dmul_64nbkb  |        0|     11|   275|   185|
    |astroSim_dmul_64nbkb_x_U367  |astroSim_dmul_64nbkb  |        0|     11|   275|   185|
    |astroSim_dmul_64nbkb_x_U368  |astroSim_dmul_64nbkb  |        0|     11|   275|   185|
    |astroSim_dmul_64nbkb_x_U369  |astroSim_dmul_64nbkb  |        0|     11|   275|   185|
    |astroSim_dmul_64nbkb_x_U370  |astroSim_dmul_64nbkb  |        0|     11|   275|   185|
    |astroSim_dmul_64nbkb_x_U371  |astroSim_dmul_64nbkb  |        0|     11|   275|   185|
    |astroSim_dmul_64nbkb_x_U372  |astroSim_dmul_64nbkb  |        0|     11|   275|   185|
    |astroSim_dmul_64nbkb_x_U373  |astroSim_dmul_64nbkb  |        0|     11|   275|   185|
    |astroSim_dmul_64nbkb_x_U374  |astroSim_dmul_64nbkb  |        0|     11|   275|   185|
    |astroSim_dmul_64nbkb_x_U375  |astroSim_dmul_64nbkb  |        0|     11|   275|   185|
    |astroSim_dmul_64nbkb_x_U376  |astroSim_dmul_64nbkb  |        0|     11|   275|   185|
    |astroSim_dmul_64nbkb_x_U377  |astroSim_dmul_64nbkb  |        0|     11|   275|   185|
    |astroSim_dmul_64nbkb_x_U378  |astroSim_dmul_64nbkb  |        0|     11|   275|   185|
    |astroSim_dmul_64nbkb_x_U379  |astroSim_dmul_64nbkb  |        0|     11|   275|   185|
    |astroSim_dsqrt_64ibs_U390    |astroSim_dsqrt_64ibs  |        0|      0|   920|  1896|
    |astroSim_dsqrt_64ibs_U391    |astroSim_dsqrt_64ibs  |        0|      0|   920|  1896|
    |astroSim_dsqrt_64ibs_U392    |astroSim_dsqrt_64ibs  |        0|      0|   920|  1896|
    |astroSim_dsqrt_64ibs_U393    |astroSim_dsqrt_64ibs  |        0|      0|   920|  1896|
    |astroSim_dsqrt_64ibs_U394    |astroSim_dsqrt_64ibs  |        0|      0|   920|  1896|
    |astroSim_dsqrt_64ibs_U395    |astroSim_dsqrt_64ibs  |        0|      0|   920|  1896|
    |astroSim_dsqrt_64ibs_U396    |astroSim_dsqrt_64ibs  |        0|      0|   920|  1896|
    |astroSim_dsqrt_64ibs_U397    |astroSim_dsqrt_64ibs  |        0|      0|   920|  1896|
    |astroSim_dsqrt_64ibs_U398    |astroSim_dsqrt_64ibs  |        0|      0|   920|  1896|
    |astroSim_dsqrt_64ibs_U399    |astroSim_dsqrt_64ibs  |        0|      0|   920|  1896|
    |astroSim_dsub_64nfYi_U306    |astroSim_dsub_64nfYi  |        0|      3|   429|   760|
    |astroSim_dsub_64nfYi_U313    |astroSim_dsub_64nfYi  |        0|      3|   429|   760|
    |astroSim_dsub_64nfYi_U316    |astroSim_dsub_64nfYi  |        0|      3|   429|   760|
    |astroSim_dsub_64nfYi_U317    |astroSim_dsub_64nfYi  |        0|      3|   429|   760|
    |astroSim_dsub_64nfYi_U318    |astroSim_dsub_64nfYi  |        0|      3|   429|   760|
    |astroSim_dsub_64nfYi_U323    |astroSim_dsub_64nfYi  |        0|      3|   429|   760|
    |astroSim_dsub_64nfYi_U324    |astroSim_dsub_64nfYi  |        0|      3|   429|   760|
    |astroSim_dsub_64nfYi_U325    |astroSim_dsub_64nfYi  |        0|      3|   429|   760|
    |astroSim_dsub_64nfYi_U326    |astroSim_dsub_64nfYi  |        0|      3|   429|   760|
    |astroSim_dsub_64nfYi_U327    |astroSim_dsub_64nfYi  |        0|      3|   429|   760|
    |astroSim_dsub_64nfYi_U330    |astroSim_dsub_64nfYi  |        0|      3|   429|   760|
    |astroSim_dsub_64nfYi_U331    |astroSim_dsub_64nfYi  |        0|      3|   429|   760|
    |astroSim_dsub_64nfYi_U332    |astroSim_dsub_64nfYi  |        0|      3|   429|   760|
    |astroSim_dsub_64nfYi_U333    |astroSim_dsub_64nfYi  |        0|      3|   429|   760|
    |astroSim_dsub_64nfYi_U334    |astroSim_dsub_64nfYi  |        0|      3|   429|   760|
    |astroSim_dsub_64nfYi_U337    |astroSim_dsub_64nfYi  |        0|      3|   429|   760|
    |astroSim_dsub_64nfYi_U338    |astroSim_dsub_64nfYi  |        0|      3|   429|   760|
    |astroSim_dsub_64nfYi_U339    |astroSim_dsub_64nfYi  |        0|      3|   429|   760|
    |astroSim_dsub_64nfYi_U340    |astroSim_dsub_64nfYi  |        0|      3|   429|   760|
    |astroSim_dsub_64nfYi_U341    |astroSim_dsub_64nfYi  |        0|      3|   429|   760|
    +-----------------------------+----------------------+---------+-------+------+------+
    |Total                        |                      |        0|    607| 63757|106330|
    +-----------------------------+----------------------+---------+-------+------+------+

    * DSP48: 
    N/A

    * Memory: 
    N/A

    * FIFO: 
    N/A

    * Expression: 
    N/A

    * Multiplexer: 
    +-------------------+-----+-----------+-----+-----------+
    |        Name       | LUT | Input Size| Bits| Total Bits|
    +-------------------+-----+-----------+-----+-----------+
    |ap_NS_fsm          |  401|         92|    1|         92|
    |grp_fu_132_opcode  |   15|          3|    2|          6|
    |grp_fu_132_p0      |   41|          8|   64|        512|
    |grp_fu_132_p1      |   33|          6|   64|        384|
    |grp_fu_136_opcode  |   15|          3|    2|          6|
    |grp_fu_136_p0      |   41|          8|   64|        512|
    |grp_fu_136_p1      |   38|          7|   64|        448|
    |grp_fu_140_opcode  |   15|          3|    2|          6|
    |grp_fu_140_p0      |   47|         10|   64|        640|
    |grp_fu_140_p1      |   53|         12|   64|        768|
    |grp_fu_144_opcode  |   15|          3|    2|          6|
    |grp_fu_144_p0      |   47|         10|   64|        640|
    |grp_fu_144_p1      |   56|         13|   64|        832|
    |grp_fu_148_opcode  |   15|          3|    2|          6|
    |grp_fu_148_p0      |   47|         10|   64|        640|
    |grp_fu_148_p1      |   53|         12|   64|        768|
    |grp_fu_152_opcode  |   15|          3|    2|          6|
    |grp_fu_152_p0      |   53|         12|   64|        768|
    |grp_fu_152_p1      |   47|         10|   64|        640|
    |grp_fu_156_opcode  |   15|          3|    2|          6|
    |grp_fu_156_p0      |   50|         11|   64|        704|
    |grp_fu_156_p1      |   50|         11|   64|        704|
    |grp_fu_160_opcode  |   15|          3|    2|          6|
    |grp_fu_160_p0      |   47|         10|   64|        640|
    |grp_fu_160_p1      |   59|         14|   64|        896|
    |grp_fu_164_opcode  |   15|          3|    2|          6|
    |grp_fu_164_p0      |   47|         10|   64|        640|
    |grp_fu_164_p1      |   53|         12|   64|        768|
    |grp_fu_168_opcode  |   15|          3|    2|          6|
    |grp_fu_168_p0      |   47|         10|   64|        640|
    |grp_fu_168_p1      |   56|         13|   64|        832|
    |grp_fu_172_opcode  |   15|          3|    2|          6|
    |grp_fu_172_p0      |   53|         12|   64|        768|
    |grp_fu_172_p1      |   50|         11|   64|        704|
    |grp_fu_176_opcode  |   15|          3|    2|          6|
    |grp_fu_176_p0      |   47|         10|   64|        640|
    |grp_fu_176_p1      |   50|         11|   64|        704|
    |grp_fu_180_opcode  |   15|          3|    2|          6|
    |grp_fu_180_p0      |   50|         11|   64|        704|
    |grp_fu_180_p1      |   56|         13|   64|        832|
    |grp_fu_184_opcode  |   15|          3|    2|          6|
    |grp_fu_184_p0      |   47|         10|   64|        640|
    |grp_fu_184_p1      |   56|         13|   64|        832|
    |grp_fu_188_opcode  |   15|          3|    2|          6|
    |grp_fu_188_p0      |   50|         11|   64|        704|
    |grp_fu_188_p1      |   56|         13|   64|        832|
    |grp_fu_192_opcode  |   15|          3|    2|          6|
    |grp_fu_192_p0      |   50|         11|   64|        704|
    |grp_fu_192_p1      |   50|         11|   64|        704|
    |grp_fu_196_opcode  |   15|          3|    2|          6|
    |grp_fu_196_p0      |   50|         11|   64|        704|
    |grp_fu_196_p1      |   50|         11|   64|        704|
    |grp_fu_200_opcode  |   15|          3|    2|          6|
    |grp_fu_200_p0      |   50|         11|   64|        704|
    |grp_fu_200_p1      |   59|         14|   64|        896|
    |grp_fu_204_opcode  |   15|          3|    2|          6|
    |grp_fu_204_p0      |   44|          9|   64|        576|
    |grp_fu_204_p1      |   53|         12|   64|        768|
    |grp_fu_208_opcode  |   15|          3|    2|          6|
    |grp_fu_208_p0      |   41|          8|   64|        512|
    |grp_fu_208_p1      |   50|         11|   64|        704|
    |grp_fu_212_opcode  |   15|          3|    2|          6|
    |grp_fu_212_p0      |   44|          9|   64|        576|
    |grp_fu_212_p1      |   44|          9|   64|        576|
    |grp_fu_216_opcode  |   15|          3|    2|          6|
    |grp_fu_216_p0      |   41|          8|   64|        512|
    |grp_fu_216_p1      |   44|          9|   64|        576|
    |grp_fu_220_opcode  |   15|          3|    2|          6|
    |grp_fu_220_p0      |   41|          8|   64|        512|
    |grp_fu_220_p1      |   50|         11|   64|        704|
    |grp_fu_224_opcode  |   15|          3|    2|          6|
    |grp_fu_224_p0      |   41|          8|   64|        512|
    |grp_fu_224_p1      |   50|         11|   64|        704|
    |grp_fu_228_opcode  |   15|          3|    2|          6|
    |grp_fu_228_p0      |   41|          8|   64|        512|
    |grp_fu_228_p1      |   50|         11|   64|        704|
    |grp_fu_232_opcode  |   15|          3|    2|          6|
    |grp_fu_232_p0      |   44|          9|   64|        576|
    |grp_fu_232_p1      |   44|          9|   64|        576|
    |grp_fu_236_opcode  |   15|          3|    2|          6|
    |grp_fu_236_p0      |   41|          8|   64|        512|
    |grp_fu_236_p1      |   44|          9|   64|        576|
    |grp_fu_240_p0      |   27|          5|   64|        320|
    |grp_fu_240_p1      |   38|          7|   64|        448|
    |grp_fu_244_opcode  |   15|          3|    2|          6|
    |grp_fu_244_p0      |   27|          5|   64|        320|
    |grp_fu_244_p1      |   38|          7|   64|        448|
    |grp_fu_248_opcode  |   15|          3|    2|          6|
    |grp_fu_248_p0      |   27|          5|   64|        320|
    |grp_fu_248_p1      |   38|          7|   64|        448|
    |grp_fu_252_opcode  |   15|          3|    2|          6|
    |grp_fu_252_p0      |   33|          6|   64|        384|
    |grp_fu_252_p1      |   21|          4|   64|        256|
    |grp_fu_256_opcode  |   15|          3|    2|          6|
    |grp_fu_256_p0      |   27|          5|   64|        320|
    |grp_fu_256_p1      |   27|          5|   64|        320|
    |grp_fu_260_opcode  |   15|          3|    2|          6|
    |grp_fu_260_p0      |   27|          5|   64|        320|
    |grp_fu_260_p1      |   38|          7|   64|        448|
    |grp_fu_264_opcode  |   15|          3|    2|          6|
    |grp_fu_264_p0      |   27|          5|   64|        320|
    |grp_fu_264_p1      |   38|          7|   64|        448|
    |grp_fu_268_p0      |   27|          5|   64|        320|
    |grp_fu_268_p1      |   38|          7|   64|        448|
    |grp_fu_272_opcode  |   15|          3|    2|          6|
    |grp_fu_272_p0      |   33|          6|   64|        384|
    |grp_fu_272_p1      |   27|          5|   64|        320|
    |grp_fu_276_p0      |   15|          3|   64|        192|
    |grp_fu_276_p1      |   15|          3|   64|        192|
    |grp_fu_280_p0      |   15|          3|   64|        192|
    |grp_fu_280_p1      |   27|          5|   64|        320|
    |grp_fu_284_p0      |   15|          3|   64|        192|
    |grp_fu_284_p1      |   27|          5|   64|        320|
    |grp_fu_288_p0      |   15|          3|   64|        192|
    |grp_fu_288_p1      |   27|          5|   64|        320|
    |grp_fu_292_opcode  |   15|          3|    2|          6|
    |grp_fu_292_p0      |   21|          4|   64|        256|
    |grp_fu_292_p1      |   15|          3|   64|        192|
    |grp_fu_296_opcode  |   15|          3|    2|          6|
    |grp_fu_296_p0      |   15|          3|   64|        192|
    |grp_fu_296_p1      |   15|          3|   64|        192|
    |grp_fu_300_opcode  |   15|          3|    2|          6|
    |grp_fu_300_p0      |   15|          3|   64|        192|
    |grp_fu_300_p1      |   27|          5|   64|        320|
    |grp_fu_304_opcode  |   15|          3|    2|          6|
    |grp_fu_304_p0      |   15|          3|   64|        192|
    |grp_fu_304_p1      |   27|          5|   64|        320|
    |grp_fu_308_p0      |   15|          3|   64|        192|
    |grp_fu_308_p1      |   27|          5|   64|        320|
    |grp_fu_411_p0      |   93|         19|   64|       1216|
    |grp_fu_411_p1      |   93|         19|   64|       1216|
    |grp_fu_415_p0      |  105|         22|   64|       1408|
    |grp_fu_415_p1      |   93|         19|   64|       1216|
    |grp_fu_419_p0      |  105|         22|   64|       1408|
    |grp_fu_419_p1      |   97|         20|   64|       1280|
    |grp_fu_423_p0      |  101|         21|   64|       1344|
    |grp_fu_423_p1      |   97|         20|   64|       1280|
    |grp_fu_427_p0      |  105|         22|   64|       1408|
    |grp_fu_427_p1      |   59|         14|   64|        896|
    |grp_fu_431_p0      |  105|         22|   64|       1408|
    |grp_fu_431_p1      |   59|         14|   64|        896|
    |grp_fu_435_p0      |  109|         23|   64|       1472|
    |grp_fu_435_p1      |   97|         20|   64|       1280|
    |grp_fu_439_p0      |  101|         21|   64|       1344|
    |grp_fu_439_p1      |   97|         20|   64|       1280|
    |grp_fu_443_p0      |   93|         19|   64|       1216|
    |grp_fu_443_p1      |   93|         19|   64|       1216|
    |grp_fu_447_p0      |   56|         13|   64|        832|
    |grp_fu_447_p1      |   89|         18|   64|       1152|
    |grp_fu_451_p0      |   53|         12|   64|        768|
    |grp_fu_451_p1      |   85|         17|   64|       1088|
    |grp_fu_455_p0      |   50|         11|   64|        704|
    |grp_fu_455_p1      |   85|         17|   64|       1088|
    |grp_fu_459_p0      |   53|         12|   64|        768|
    |grp_fu_459_p1      |   85|         17|   64|       1088|
    |grp_fu_463_p0      |   53|         12|   64|        768|
    |grp_fu_463_p1      |   85|         17|   64|       1088|
    |grp_fu_467_p0      |   53|         12|   64|        768|
    |grp_fu_467_p1      |   85|         17|   64|       1088|
    |grp_fu_471_p0      |   50|         11|   64|        704|
    |grp_fu_471_p1      |   85|         17|   64|       1088|
    |grp_fu_475_p0      |   53|         12|   64|        768|
    |grp_fu_475_p1      |   85|         17|   64|       1088|
    |grp_fu_479_p0      |   53|         12|   64|        768|
    |grp_fu_479_p1      |   85|         17|   64|       1088|
    |grp_fu_483_p0      |   50|         11|   64|        704|
    |grp_fu_483_p1      |   65|         16|   64|       1024|
    |grp_fu_487_p0      |   47|         10|   64|        640|
    |grp_fu_487_p1      |   65|         16|   64|       1024|
    |grp_fu_491_p0      |   50|         11|   64|        704|
    |grp_fu_491_p1      |   65|         16|   64|       1024|
    |grp_fu_495_p0      |   50|         11|   64|        704|
    |grp_fu_495_p1      |   65|         16|   64|       1024|
    |grp_fu_499_p0      |   50|         11|   64|        704|
    |grp_fu_499_p1      |   65|         16|   64|       1024|
    |grp_fu_503_p0      |   47|         10|   64|        640|
    |grp_fu_503_p1      |   65|         16|   64|       1024|
    |grp_fu_507_p0      |   47|         10|   64|        640|
    |grp_fu_507_p1      |   62|         15|   64|        960|
    |grp_fu_511_p0      |   47|         10|   64|        640|
    |grp_fu_511_p1      |   62|         15|   64|        960|
    |grp_fu_515_p0      |   44|          9|   64|        576|
    |grp_fu_515_p1      |   59|         14|   64|        896|
    |grp_fu_519_p0      |   15|          3|   64|        192|
    |grp_fu_519_p1      |   44|          9|   64|        576|
    |grp_fu_523_p0      |   21|          4|   64|        256|
    |grp_fu_523_p1      |   44|          9|   64|        576|
    |grp_fu_527_p0      |   15|          3|   64|        192|
    |grp_fu_527_p1      |   41|          8|   64|        512|
    |grp_fu_531_p0      |   15|          3|   64|        192|
    |grp_fu_531_p1      |   41|          8|   64|        512|
    |grp_fu_535_p1      |   41|          8|   64|        512|
    |grp_fu_539_p0      |   15|          3|   64|        192|
    |grp_fu_539_p1      |   41|          8|   64|        512|
    |grp_fu_543_p0      |   15|          3|   64|        192|
    |grp_fu_543_p1      |   41|          8|   64|        512|
    |grp_fu_547_p0      |   15|          3|   64|        192|
    |grp_fu_547_p1      |   41|          8|   64|        512|
    |grp_fu_551_p0      |   15|          3|   64|        192|
    |grp_fu_551_p1      |   41|          8|   64|        512|
    |grp_fu_555_p0      |   15|          3|   64|        192|
    |grp_fu_555_p1      |   15|          3|   64|        192|
    |grp_fu_563_p1      |   38|          7|   64|        448|
    |grp_fu_568_p1      |   38|          7|   64|        448|
    |grp_fu_573_p1      |   38|          7|   64|        448|
    |grp_fu_578_p1      |   38|          7|   64|        448|
    |grp_fu_583_p1      |   38|          7|   64|        448|
    |grp_fu_588_p1      |   38|          7|   64|        448|
    |grp_fu_593_p1      |   38|          7|   64|        448|
    |grp_fu_598_p1      |   38|          7|   64|        448|
    |grp_fu_603_p1      |   38|          7|   64|        448|
    |grp_fu_613_p1      |   33|          6|   64|        384|
    |grp_fu_618_p1      |   44|          9|   64|        576|
    |grp_fu_623_p1      |   44|          9|   64|        576|
    |grp_fu_628_p1      |   44|          9|   64|        576|
    |grp_fu_633_p1      |   44|          9|   64|        576|
    |grp_fu_638_p1      |   44|          9|   64|        576|
    |grp_fu_643_p1      |   44|          9|   64|        576|
    |grp_fu_648_p1      |   44|          9|   64|        576|
    |grp_fu_653_p1      |   41|          8|   64|        512|
    +-------------------+-----+-----------+-----+-----------+
    |Total              | 9678|       2031|11661|     117120|
    +-------------------+-----+-----------+-----+-----------+

    * Register: 
    +-----------------------+-----+----+-----+-----------+
    |          Name         |  FF | LUT| Bits| Const Bits|
    +-----------------------+-----+----+-----+-----------+
    |ap_CS_fsm              |   91|   0|   91|          0|
    |dx_0_2_reg_2702        |   64|   0|   64|          0|
    |dx_0_3_reg_2826        |   64|   0|   64|          0|
    |dx_0_4_reg_3013        |   64|   0|   64|          0|
    |dx_0_5_reg_3183        |   64|   0|   64|          0|
    |dx_0_6_reg_3412        |   64|   0|   64|          0|
    |dx_0_7_reg_3653        |   64|   0|   64|          0|
    |dx_0_8_reg_3667        |   64|   0|   64|          0|
    |dx_1_2_reg_2723        |   64|   0|   64|          0|
    |dx_1_3_reg_2847        |   64|   0|   64|          0|
    |dx_1_5_reg_3210        |   64|   0|   64|          0|
    |dx_1_6_reg_3439        |   64|   0|   64|          0|
    |dx_1_7_reg_3687        |   64|   0|   64|          0|
    |dx_1_8_reg_3693        |   64|   0|   64|          0|
    |dx_2_1_reg_2742        |   64|   0|   64|          0|
    |dx_2_3_reg_2866        |   64|   0|   64|          0|
    |dx_2_4_reg_3033        |   64|   0|   64|          0|
    |dx_2_5_reg_3229        |   64|   0|   64|          0|
    |dx_2_6_reg_3464        |   64|   0|   64|          0|
    |dx_2_7_reg_3713        |   64|   0|   64|          0|
    |dx_2_8_reg_3727        |   64|   0|   64|          0|
    |dx_3_1_reg_2763        |   64|   0|   64|          0|
    |dx_3_2_reg_2887        |   64|   0|   64|          0|
    |dx_3_4_reg_3054        |   64|   0|   64|          0|
    |dx_3_5_reg_3256        |   64|   0|   64|          0|
    |dx_3_6_reg_3491        |   64|   0|   64|          0|
    |dx_3_7_reg_3748        |   64|   0|   64|          0|
    |dx_4_1_reg_2784        |   64|   0|   64|          0|
    |dx_4_2_reg_2908        |   64|   0|   64|          0|
    |dx_4_3_reg_3075        |   64|   0|   64|          0|
    |dx_4_5_reg_3283        |   64|   0|   64|          0|
    |dx_4_6_reg_3518        |   64|   0|   64|          0|
    |dx_4_8_reg_3789        |   64|   0|   64|          0|
    |dx_5_1_reg_2805        |   64|   0|   64|          0|
    |dx_5_2_reg_2929        |   64|   0|   64|          0|
    |dx_5_4_reg_3310        |   64|   0|   64|          0|
    |dx_5_6_reg_3545        |   64|   0|   64|          0|
    |dx_5_7_reg_3816        |   64|   0|   64|          0|
    |dx_5_8_reg_3830        |   64|   0|   64|          0|
    |dx_6_2_reg_2950        |   64|   0|   64|          0|
    |dx_6_3_reg_3108        |   64|   0|   64|          0|
    |dx_6_4_reg_3337        |   64|   0|   64|          0|
    |dx_6_5_reg_3572        |   64|   0|   64|          0|
    |dx_6_7_reg_3855        |   64|   0|   64|          0|
    |dx_6_8_reg_3869        |   64|   0|   64|          0|
    |dx_7_2_reg_2971        |   64|   0|   64|          0|
    |dx_7_3_reg_3135        |   64|   0|   64|          0|
    |dx_7_4_reg_3364        |   64|   0|   64|          0|
    |dx_7_5_reg_3599        |   64|   0|   64|          0|
    |dx_7_6_reg_3901        |   64|   0|   64|          0|
    |dx_7_8_reg_3915        |   64|   0|   64|          0|
    |dx_8_2_reg_2992        |   64|   0|   64|          0|
    |dx_8_3_reg_3162        |   64|   0|   64|          0|
    |dx_8_4_reg_3391        |   64|   0|   64|          0|
    |dx_8_5_reg_3626        |   64|   0|   64|          0|
    |dx_8_6_reg_3947        |   64|   0|   64|          0|
    |dx_8_7_reg_3961        |   64|   0|   64|          0|
    |dy_0_2_reg_2709        |   64|   0|   64|          0|
    |dy_0_3_reg_2833        |   64|   0|   64|          0|
    |dy_0_5_reg_3190        |   64|   0|   64|          0|
    |dy_0_6_reg_3419        |   64|   0|   64|          0|
    |dy_0_7_reg_3660        |   64|   0|   64|          0|
    |dy_1_2_reg_2729        |   64|   0|   64|          0|
    |dy_1_3_reg_2853        |   64|   0|   64|          0|
    |dy_1_4_reg_3027        |   64|   0|   64|          0|
    |dy_1_5_reg_3216        |   64|   0|   64|          0|
    |dy_1_6_reg_3445        |   64|   0|   64|          0|
    |dy_1_8_reg_3700        |   64|   0|   64|          0|
    |dy_2_1_reg_2749        |   64|   0|   64|          0|
    |dy_2_3_reg_2873        |   64|   0|   64|          0|
    |dy_2_4_reg_3040        |   64|   0|   64|          0|
    |dy_2_5_reg_3236        |   64|   0|   64|          0|
    |dy_2_6_reg_3471        |   64|   0|   64|          0|
    |dy_2_7_reg_3720        |   64|   0|   64|          0|
    |dy_2_8_reg_3734        |   64|   0|   64|          0|
    |dy_3_1_reg_2770        |   64|   0|   64|          0|
    |dy_3_2_reg_2894        |   64|   0|   64|          0|
    |dy_3_4_reg_3061        |   64|   0|   64|          0|
    |dy_3_5_reg_3263        |   64|   0|   64|          0|
    |dy_3_6_reg_3498        |   64|   0|   64|          0|
    |dy_3_7_reg_3755        |   64|   0|   64|          0|
    |dy_3_8_reg_3762        |   64|   0|   64|          0|
    |dy_4_1_reg_2791        |   64|   0|   64|          0|
    |dy_4_2_reg_2915        |   64|   0|   64|          0|
    |dy_4_5_reg_3290        |   64|   0|   64|          0|
    |dy_4_6_reg_3525        |   64|   0|   64|          0|
    |dy_4_7_reg_3782        |   64|   0|   64|          0|
    |dy_4_8_reg_3796        |   64|   0|   64|          0|
    |dy_5_1_reg_2812        |   64|   0|   64|          0|
    |dy_5_2_reg_2936        |   64|   0|   64|          0|
    |dy_5_3_reg_3095        |   64|   0|   64|          0|
    |dy_5_4_reg_3317        |   64|   0|   64|          0|
    |dy_5_6_reg_3552        |   64|   0|   64|          0|
    |dy_5_7_reg_3823        |   64|   0|   64|          0|
    |dy_6_2_reg_2957        |   64|   0|   64|          0|
    |dy_6_3_reg_3115        |   64|   0|   64|          0|
    |dy_6_4_reg_3344        |   64|   0|   64|          0|
    |dy_6_5_reg_3579        |   64|   0|   64|          0|
    |dy_6_7_reg_3862        |   64|   0|   64|          0|
    |dy_6_8_reg_3876        |   64|   0|   64|          0|
    |dy_7_2_reg_2978        |   64|   0|   64|          0|
    |dy_7_3_reg_3142        |   64|   0|   64|          0|
    |dy_7_4_reg_3371        |   64|   0|   64|          0|
    |dy_7_5_reg_3606        |   64|   0|   64|          0|
    |dy_7_6_reg_3908        |   64|   0|   64|          0|
    |dy_7_8_reg_3922        |   64|   0|   64|          0|
    |dy_8_2_reg_2999        |   64|   0|   64|          0|
    |dy_8_3_reg_3169        |   64|   0|   64|          0|
    |dy_8_4_reg_3398        |   64|   0|   64|          0|
    |dy_8_5_reg_3633        |   64|   0|   64|          0|
    |dy_8_6_reg_3954        |   64|   0|   64|          0|
    |dy_8_7_reg_3968        |   64|   0|   64|          0|
    |dz_0_1_reg_2695        |   64|   0|   64|          0|
    |dz_0_2_reg_2819        |   64|   0|   64|          0|
    |dz_0_3_reg_3006        |   64|   0|   64|          0|
    |dz_0_4_reg_3176        |   64|   0|   64|          0|
    |dz_0_5_reg_3405        |   64|   0|   64|          0|
    |dz_0_6_reg_3646        |   64|   0|   64|          0|
    |dz_0_7_reg_3981        |   64|   0|   64|          0|
    |dz_0_8_reg_3988        |   64|   0|   64|          0|
    |dz_1_2_reg_2840        |   64|   0|   64|          0|
    |dz_1_3_reg_3020        |   64|   0|   64|          0|
    |dz_1_4_reg_3203        |   64|   0|   64|          0|
    |dz_1_5_reg_3432        |   64|   0|   64|          0|
    |dz_1_6_reg_3680        |   64|   0|   64|          0|
    |dz_1_7_reg_4006        |   64|   0|   64|          0|
    |dz_1_8_reg_4013        |   64|   0|   64|          0|
    |dz_1_reg_2716          |   64|   0|   64|          0|
    |dz_2_1_reg_2859        |   64|   0|   64|          0|
    |dz_2_4_reg_3222        |   64|   0|   64|          0|
    |dz_2_5_reg_3457        |   64|   0|   64|          0|
    |dz_2_7_reg_4020        |   64|   0|   64|          0|
    |dz_2_8_reg_4027        |   64|   0|   64|          0|
    |dz_2_reg_2735          |   64|   0|   64|          0|
    |dz_3_1_reg_2880        |   64|   0|   64|          0|
    |dz_3_2_reg_3047        |   64|   0|   64|          0|
    |dz_3_4_reg_3249        |   64|   0|   64|          0|
    |dz_3_5_reg_3484        |   64|   0|   64|          0|
    |dz_3_6_reg_3741        |   64|   0|   64|          0|
    |dz_3_7_reg_4040        |   64|   0|   64|          0|
    |dz_3_reg_2756          |   64|   0|   64|          0|
    |dz_4_1_reg_2901        |   64|   0|   64|          0|
    |dz_4_2_reg_3068        |   64|   0|   64|          0|
    |dz_4_3_reg_3276        |   64|   0|   64|          0|
    |dz_4_5_reg_3511        |   64|   0|   64|          0|
    |dz_4_6_reg_3775        |   64|   0|   64|          0|
    |dz_4_7_reg_4053        |   64|   0|   64|          0|
    |dz_4_8_reg_4060        |   64|   0|   64|          0|
    |dz_4_reg_2777          |   64|   0|   64|          0|
    |dz_5_1_reg_2922        |   64|   0|   64|          0|
    |dz_5_2_reg_3088        |   64|   0|   64|          0|
    |dz_5_3_reg_3303        |   64|   0|   64|          0|
    |dz_5_4_reg_3538        |   64|   0|   64|          0|
    |dz_5_6_reg_3809        |   64|   0|   64|          0|
    |dz_5_8_reg_4078        |   64|   0|   64|          0|
    |dz_5_reg_2798          |   64|   0|   64|          0|
    |dz_6_1_reg_2943        |   64|   0|   64|          0|
    |dz_6_3_reg_3330        |   64|   0|   64|          0|
    |dz_6_4_reg_3565        |   64|   0|   64|          0|
    |dz_6_5_reg_3848        |   64|   0|   64|          0|
    |dz_6_7_reg_4096        |   64|   0|   64|          0|
    |dz_6_8_reg_4103        |   64|   0|   64|          0|
    |dz_7_1_reg_2964        |   64|   0|   64|          0|
    |dz_7_2_reg_3128        |   64|   0|   64|          0|
    |dz_7_3_reg_3357        |   64|   0|   64|          0|
    |dz_7_4_reg_3592        |   64|   0|   64|          0|
    |dz_7_5_reg_3894        |   64|   0|   64|          0|
    |dz_7_6_reg_4116        |   64|   0|   64|          0|
    |dz_7_8_reg_4123        |   64|   0|   64|          0|
    |dz_8_1_reg_2985        |   64|   0|   64|          0|
    |dz_8_2_reg_3155        |   64|   0|   64|          0|
    |dz_8_3_reg_3384        |   64|   0|   64|          0|
    |dz_8_4_reg_3619        |   64|   0|   64|          0|
    |dz_8_5_reg_3940        |   64|   0|   64|          0|
    |dz_8_6_reg_4141        |   64|   0|   64|          0|
    |dz_8_7_reg_4148        |   64|   0|   64|          0|
    |p_m_6                  |    0|   0|   64|         64|
    |p_m_7                  |    0|   0|   64|         64|
    |p_m_8                  |    0|   0|   64|         64|
    |p_r_8_7_reg_4336       |   64|   0|   64|          0|
    |pre_sqrt_0_4_reg_3640  |   64|   0|   64|          0|
    |pre_sqrt_0_5_reg_3975  |   64|   0|   64|          0|
    |pre_sqrt_1_2_reg_3197  |   64|   0|   64|          0|
    |pre_sqrt_1_3_reg_3426  |   64|   0|   64|          0|
    |pre_sqrt_1_4_reg_3674  |   64|   0|   64|          0|
    |pre_sqrt_1_5_reg_3995  |   64|   0|   64|          0|
    |pre_sqrt_1_6_reg_4155  |   64|   0|   64|          0|
    |pre_sqrt_1_7_reg_4202  |   64|   0|   64|          0|
    |pre_sqrt_2_3_reg_3451  |   64|   0|   64|          0|
    |pre_sqrt_2_4_reg_3707  |   64|   0|   64|          0|
    |pre_sqrt_2_6_reg_4161  |   64|   0|   64|          0|
    |pre_sqrt_2_7_reg_4208  |   64|   0|   64|          0|
    |pre_sqrt_2_8_reg_4244  |   64|   0|   64|          0|
    |pre_sqrt_3_1_reg_3243  |   64|   0|   64|          0|
    |pre_sqrt_3_2_reg_3478  |   64|   0|   64|          0|
    |pre_sqrt_3_5_reg_4034  |   64|   0|   64|          0|
    |pre_sqrt_3_6_reg_4167  |   64|   0|   64|          0|
    |pre_sqrt_3_7_reg_4214  |   64|   0|   64|          0|
    |pre_sqrt_4_1_reg_3270  |   64|   0|   64|          0|
    |pre_sqrt_4_2_reg_3505  |   64|   0|   64|          0|
    |pre_sqrt_4_3_reg_3769  |   64|   0|   64|          0|
    |pre_sqrt_4_5_reg_4047  |   64|   0|   64|          0|
    |pre_sqrt_4_6_reg_4173  |   64|   0|   64|          0|
    |pre_sqrt_4_7_reg_4220  |   64|   0|   64|          0|
    |pre_sqrt_4_8_reg_4250  |   64|   0|   64|          0|
    |pre_sqrt_5_1_reg_3297  |   64|   0|   64|          0|
    |pre_sqrt_5_2_reg_3532  |   64|   0|   64|          0|
    |pre_sqrt_5_3_reg_3803  |   64|   0|   64|          0|
    |pre_sqrt_5_4_reg_4067  |   64|   0|   64|          0|
    |pre_sqrt_5_reg_3082    |   64|   0|   64|          0|
    |pre_sqrt_6_1_reg_3324  |   64|   0|   64|          0|
    |pre_sqrt_6_2_reg_3559  |   64|   0|   64|          0|
    |pre_sqrt_6_3_reg_3837  |   64|   0|   64|          0|
    |pre_sqrt_6_4_reg_4085  |   64|   0|   64|          0|
    |pre_sqrt_6_5_reg_4179  |   64|   0|   64|          0|
    |pre_sqrt_6_7_reg_4226  |   64|   0|   64|          0|
    |pre_sqrt_6_8_reg_4256  |   64|   0|   64|          0|
    |pre_sqrt_6_reg_3102    |   64|   0|   64|          0|
    |pre_sqrt_7_1_reg_3351  |   64|   0|   64|          0|
    |pre_sqrt_7_2_reg_3586  |   64|   0|   64|          0|
    |pre_sqrt_7_3_reg_3883  |   64|   0|   64|          0|
    |pre_sqrt_7_4_reg_4110  |   64|   0|   64|          0|
    |pre_sqrt_7_5_reg_4185  |   64|   0|   64|          0|
    |pre_sqrt_7_6_reg_4232  |   64|   0|   64|          0|
    |pre_sqrt_7_reg_3122    |   64|   0|   64|          0|
    |pre_sqrt_8_1_reg_3378  |   64|   0|   64|          0|
    |pre_sqrt_8_2_reg_3613  |   64|   0|   64|          0|
    |pre_sqrt_8_3_reg_3929  |   64|   0|   64|          0|
    |pre_sqrt_8_4_reg_4130  |   64|   0|   64|          0|
    |pre_sqrt_8_5_reg_4191  |   64|   0|   64|          0|
    |pre_sqrt_8_6_reg_4238  |   64|   0|   64|          0|
    |pre_sqrt_8_reg_3149    |   64|   0|   64|          0|
    |reg_1001               |   64|   0|   64|          0|
    |reg_1009               |   64|   0|   64|          0|
    |reg_1021               |   64|   0|   64|          0|
    |reg_1037               |   64|   0|   64|          0|
    |reg_1045               |   64|   0|   64|          0|
    |reg_1053               |   64|   0|   64|          0|
    |reg_1061               |   64|   0|   64|          0|
    |reg_1073               |   64|   0|   64|          0|
    |reg_1085               |   64|   0|   64|          0|
    |reg_1093               |   64|   0|   64|          0|
    |reg_1101               |   64|   0|   64|          0|
    |reg_1108               |   64|   0|   64|          0|
    |reg_1116               |   64|   0|   64|          0|
    |reg_1123               |   64|   0|   64|          0|
    |reg_1131               |   64|   0|   64|          0|
    |reg_1141               |   64|   0|   64|          0|
    |reg_1148               |   64|   0|   64|          0|
    |reg_1156               |   64|   0|   64|          0|
    |reg_1167               |   64|   0|   64|          0|
    |reg_1182               |   64|   0|   64|          0|
    |reg_1193               |   64|   0|   64|          0|
    |reg_1201               |   64|   0|   64|          0|
    |reg_1212               |   64|   0|   64|          0|
    |reg_1223               |   64|   0|   64|          0|
    |reg_1238               |   64|   0|   64|          0|
    |reg_1246               |   64|   0|   64|          0|
    |reg_1256               |   64|   0|   64|          0|
    |reg_1267               |   64|   0|   64|          0|
    |reg_1277               |   64|   0|   64|          0|
    |reg_1284               |   64|   0|   64|          0|
    |reg_1294               |   64|   0|   64|          0|
    |reg_1303               |   64|   0|   64|          0|
    |reg_1311               |   64|   0|   64|          0|
    |reg_1319               |   64|   0|   64|          0|
    |reg_1327               |   64|   0|   64|          0|
    |reg_1335               |   64|   0|   64|          0|
    |reg_1344               |   64|   0|   64|          0|
    |reg_1353               |   64|   0|   64|          0|
    |reg_1360               |   64|   0|   64|          0|
    |reg_1369               |   64|   0|   64|          0|
    |reg_1375               |   64|   0|   64|          0|
    |reg_1383               |   64|   0|   64|          0|
    |reg_1389               |   64|   0|   64|          0|
    |reg_1396               |   64|   0|   64|          0|
    |reg_1404               |   64|   0|   64|          0|
    |reg_1412               |   64|   0|   64|          0|
    |reg_1418               |   64|   0|   64|          0|
    |reg_1423               |   64|   0|   64|          0|
    |reg_1428               |   64|   0|   64|          0|
    |reg_1433               |   64|   0|   64|          0|
    |reg_1438               |   64|   0|   64|          0|
    |reg_1443               |   64|   0|   64|          0|
    |reg_1448               |   64|   0|   64|          0|
    |reg_1453               |   64|   0|   64|          0|
    |reg_1458               |   64|   0|   64|          0|
    |reg_1463               |   64|   0|   64|          0|
    |reg_1469               |   64|   0|   64|          0|
    |reg_1475               |   64|   0|   64|          0|
    |reg_1483               |   64|   0|   64|          0|
    |reg_1494               |   64|   0|   64|          0|
    |reg_1501               |   64|   0|   64|          0|
    |reg_1506               |   64|   0|   64|          0|
    |reg_1511               |   64|   0|   64|          0|
    |reg_1516               |   64|   0|   64|          0|
    |reg_1521               |   64|   0|   64|          0|
    |reg_1526               |   64|   0|   64|          0|
    |reg_1531               |   64|   0|   64|          0|
    |reg_1536               |   64|   0|   64|          0|
    |reg_1541               |   64|   0|   64|          0|
    |reg_1546               |   64|   0|   64|          0|
    |reg_1554               |   64|   0|   64|          0|
    |reg_1562               |   64|   0|   64|          0|
    |reg_1568               |   64|   0|   64|          0|
    |reg_1577               |   64|   0|   64|          0|
    |reg_1586               |   64|   0|   64|          0|
    |reg_1595               |   64|   0|   64|          0|
    |reg_1606               |   64|   0|   64|          0|
    |reg_1615               |   64|   0|   64|          0|
    |reg_1624               |   64|   0|   64|          0|
    |reg_1633               |   64|   0|   64|          0|
    |reg_1644               |   64|   0|   64|          0|
    |reg_1652               |   64|   0|   64|          0|
    |reg_1657               |   64|   0|   64|          0|
    |reg_1662               |   64|   0|   64|          0|
    |reg_1667               |   64|   0|   64|          0|
    |reg_1672               |   64|   0|   64|          0|
    |reg_1677               |   64|   0|   64|          0|
    |reg_1682               |   64|   0|   64|          0|
    |reg_1687               |   64|   0|   64|          0|
    |reg_1692               |   64|   0|   64|          0|
    |reg_1698               |   64|   0|   64|          0|
    |reg_1704               |   64|   0|   64|          0|
    |reg_1710               |   64|   0|   64|          0|
    |reg_1716               |   64|   0|   64|          0|
    |reg_1722               |   64|   0|   64|          0|
    |reg_1728               |   64|   0|   64|          0|
    |reg_1734               |   64|   0|   64|          0|
    |reg_1740               |   64|   0|   64|          0|
    |reg_1746               |   64|   0|   64|          0|
    |reg_1752               |   64|   0|   64|          0|
    |reg_1758               |   64|   0|   64|          0|
    |reg_1764               |   64|   0|   64|          0|
    |reg_1774               |   64|   0|   64|          0|
    |reg_1780               |   64|   0|   64|          0|
    |reg_1786               |   64|   0|   64|          0|
    |reg_1792               |   64|   0|   64|          0|
    |reg_1812               |   64|   0|   64|          0|
    |reg_675                |   64|   0|   64|          0|
    |reg_682                |   64|   0|   64|          0|
    |reg_689                |   64|   0|   64|          0|
    |reg_697                |   64|   0|   64|          0|
    |reg_705                |   64|   0|   64|          0|
    |reg_713                |   64|   0|   64|          0|
    |reg_721                |   64|   0|   64|          0|
    |reg_729                |   64|   0|   64|          0|
    |reg_737                |   64|   0|   64|          0|
    |reg_745                |   64|   0|   64|          0|
    |reg_753                |   64|   0|   64|          0|
    |reg_761                |   64|   0|   64|          0|
    |reg_769                |   64|   0|   64|          0|
    |reg_777                |   64|   0|   64|          0|
    |reg_785                |   64|   0|   64|          0|
    |reg_793                |   64|   0|   64|          0|
    |reg_801                |   64|   0|   64|          0|
    |reg_809                |   64|   0|   64|          0|
    |reg_817                |   64|   0|   64|          0|
    |reg_824                |   64|   0|   64|          0|
    |reg_832                |   64|   0|   64|          0|
    |reg_840                |   64|   0|   64|          0|
    |reg_853                |   64|   0|   64|          0|
    |reg_864                |   64|   0|   64|          0|
    |reg_874                |   64|   0|   64|          0|
    |reg_886                |   64|   0|   64|          0|
    |reg_901                |   64|   0|   64|          0|
    |reg_914                |   64|   0|   64|          0|
    |reg_926                |   64|   0|   64|          0|
    |reg_938                |   64|   0|   64|          0|
    |reg_953                |   64|   0|   64|          0|
    |reg_961                |   64|   0|   64|          0|
    |reg_973                |   64|   0|   64|          0|
    |reg_985                |   64|   0|   64|          0|
    |reg_993                |   64|   0|   64|          0|
    |tmp_37_1_6_reg_4001    |   64|   0|   64|          0|
    |tmp_37_5_6_reg_4073    |   64|   0|   64|          0|
    |tmp_37_6_4_reg_3843    |   64|   0|   64|          0|
    |tmp_37_6_5_reg_4091    |   64|   0|   64|          0|
    |tmp_37_7_4_reg_3889    |   64|   0|   64|          0|
    |tmp_37_8_4_reg_3935    |   64|   0|   64|          0|
    |tmp_37_8_5_reg_4136    |   64|   0|   64|          0|
    |tmp_37_8_7_reg_4197    |   64|   0|   64|          0|
    |tmp_39_0_5_reg_4267    |   64|   0|   64|          0|
    |tmp_39_0_7_reg_4353    |   64|   0|   64|          0|
    |tmp_39_1_5_reg_4272    |   64|   0|   64|          0|
    |tmp_39_1_7_reg_4358    |   64|   0|   64|          0|
    |tmp_39_2_5_reg_4277    |   64|   0|   64|          0|
    |tmp_39_2_7_reg_4363    |   64|   0|   64|          0|
    |tmp_39_3_5_reg_4282    |   64|   0|   64|          0|
    |tmp_39_3_7_reg_4368    |   64|   0|   64|          0|
    |tmp_39_4_5_reg_4287    |   64|   0|   64|          0|
    |tmp_39_4_7_reg_4373    |   64|   0|   64|          0|
    |tmp_39_5_4_reg_4292    |   64|   0|   64|          0|
    |tmp_39_5_7_reg_4378    |   64|   0|   64|          0|
    |tmp_39_6_4_reg_4297    |   64|   0|   64|          0|
    |tmp_39_6_7_reg_4383    |   64|   0|   64|          0|
    |tmp_39_7_4_reg_4302    |   64|   0|   64|          0|
    |tmp_39_7_6_reg_4388    |   64|   0|   64|          0|
    |tmp_39_8_3_reg_4262    |   64|   0|   64|          0|
    |tmp_39_8_4_reg_4307    |   64|   0|   64|          0|
    |tmp_39_8_6_reg_4393    |   64|   0|   64|          0|
    |tmp_40_8_7_reg_4434    |   64|   0|   64|          0|
    |tmp_45_8_7_reg_4463    |   64|   0|   64|          0|
    +-----------------------+-----+----+-----+-----------+
    |Total                  |25627|   0|25819|        192|
    +-----------------------+-----+----+-----+-----------+



================================================================
== Interface
================================================================
* Summary: 
+---------------+-----+-----+------------+--------------+--------------+
|   RTL Ports   | Dir | Bits|  Protocol  | Source Object|    C Type    |
+---------------+-----+-----+------------+--------------+--------------+
|ap_clk         |  in |    1| ap_ctrl_hs |    gravity   | return value |
|ap_rst         |  in |    1| ap_ctrl_hs |    gravity   | return value |
|ap_start       |  in |    1| ap_ctrl_hs |    gravity   | return value |
|ap_done        | out |    1| ap_ctrl_hs |    gravity   | return value |
|ap_idle        | out |    1| ap_ctrl_hs |    gravity   | return value |
|ap_ready       | out |    1| ap_ctrl_hs |    gravity   | return value |
|p_x_0          |  in |   64|   ap_none  |     p_x_0    |    pointer   |
|p_x_1          |  in |   64|   ap_none  |     p_x_1    |    pointer   |
|p_y_0          |  in |   64|   ap_none  |     p_y_0    |    pointer   |
|p_y_1          |  in |   64|   ap_none  |     p_y_1    |    pointer   |
|p_z_0          |  in |   64|   ap_none  |     p_z_0    |    pointer   |
|p_z_1          |  in |   64|   ap_none  |     p_z_1    |    pointer   |
|p_m_1          |  in |   64|   ap_none  |     p_m_1    |    pointer   |
|p_x_2          |  in |   64|   ap_none  |     p_x_2    |    pointer   |
|p_y_2          |  in |   64|   ap_none  |     p_y_2    |    pointer   |
|p_z_2          |  in |   64|   ap_none  |     p_z_2    |    pointer   |
|p_m_2          |  in |   64|   ap_none  |     p_m_2    |    pointer   |
|p_x_3          |  in |   64|   ap_none  |     p_x_3    |    pointer   |
|p_y_3          |  in |   64|   ap_none  |     p_y_3    |    pointer   |
|p_z_3          |  in |   64|   ap_none  |     p_z_3    |    pointer   |
|p_m_3          |  in |   64|   ap_none  |     p_m_3    |    pointer   |
|p_x_4          |  in |   64|   ap_none  |     p_x_4    |    pointer   |
|p_y_4          |  in |   64|   ap_none  |     p_y_4    |    pointer   |
|p_z_4          |  in |   64|   ap_none  |     p_z_4    |    pointer   |
|p_m_4          |  in |   64|   ap_none  |     p_m_4    |    pointer   |
|p_x_5          |  in |   64|   ap_none  |     p_x_5    |    pointer   |
|p_y_5          |  in |   64|   ap_none  |     p_y_5    |    pointer   |
|p_z_5          |  in |   64|   ap_none  |     p_z_5    |    pointer   |
|p_m_5          |  in |   64|   ap_none  |     p_m_5    |    pointer   |
|p_x_6          |  in |   64|   ap_none  |     p_x_6    |    pointer   |
|p_y_6          |  in |   64|   ap_none  |     p_y_6    |    pointer   |
|p_z_6          |  in |   64|   ap_none  |     p_z_6    |    pointer   |
|p_x_7          |  in |   64|   ap_none  |     p_x_7    |    pointer   |
|p_y_7          |  in |   64|   ap_none  |     p_y_7    |    pointer   |
|p_z_7          |  in |   64|   ap_none  |     p_z_7    |    pointer   |
|p_x_8          |  in |   64|   ap_none  |     p_x_8    |    pointer   |
|p_y_8          |  in |   64|   ap_none  |     p_y_8    |    pointer   |
|p_z_8          |  in |   64|   ap_none  |     p_z_8    |    pointer   |
|p_ax_0         | out |   64|   ap_vld   |    p_ax_0    |    pointer   |
|p_ax_0_ap_vld  | out |    1|   ap_vld   |    p_ax_0    |    pointer   |
|p_ay_0         | out |   64|   ap_vld   |    p_ay_0    |    pointer   |
|p_ay_0_ap_vld  | out |    1|   ap_vld   |    p_ay_0    |    pointer   |
|p_az_0         | out |   64|   ap_vld   |    p_az_0    |    pointer   |
|p_az_0_ap_vld  | out |    1|   ap_vld   |    p_az_0    |    pointer   |
|p_m_0          |  in |   64|   ap_none  |     p_m_0    |    pointer   |
|p_ax_1         | out |   64|   ap_vld   |    p_ax_1    |    pointer   |
|p_ax_1_ap_vld  | out |    1|   ap_vld   |    p_ax_1    |    pointer   |
|p_ay_1         | out |   64|   ap_vld   |    p_ay_1    |    pointer   |
|p_ay_1_ap_vld  | out |    1|   ap_vld   |    p_ay_1    |    pointer   |
|p_az_1         | out |   64|   ap_vld   |    p_az_1    |    pointer   |
|p_az_1_ap_vld  | out |    1|   ap_vld   |    p_az_1    |    pointer   |
|p_ax_2         | out |   64|   ap_vld   |    p_ax_2    |    pointer   |
|p_ax_2_ap_vld  | out |    1|   ap_vld   |    p_ax_2    |    pointer   |
|p_ay_2         | out |   64|   ap_vld   |    p_ay_2    |    pointer   |
|p_ay_2_ap_vld  | out |    1|   ap_vld   |    p_ay_2    |    pointer   |
|p_az_2         | out |   64|   ap_vld   |    p_az_2    |    pointer   |
|p_az_2_ap_vld  | out |    1|   ap_vld   |    p_az_2    |    pointer   |
|p_ax_3         | out |   64|   ap_vld   |    p_ax_3    |    pointer   |
|p_ax_3_ap_vld  | out |    1|   ap_vld   |    p_ax_3    |    pointer   |
|p_ay_3         | out |   64|   ap_vld   |    p_ay_3    |    pointer   |
|p_ay_3_ap_vld  | out |    1|   ap_vld   |    p_ay_3    |    pointer   |
|p_az_3         | out |   64|   ap_vld   |    p_az_3    |    pointer   |
|p_az_3_ap_vld  | out |    1|   ap_vld   |    p_az_3    |    pointer   |
|p_ax_4         | out |   64|   ap_vld   |    p_ax_4    |    pointer   |
|p_ax_4_ap_vld  | out |    1|   ap_vld   |    p_ax_4    |    pointer   |
|p_ay_4         | out |   64|   ap_vld   |    p_ay_4    |    pointer   |
|p_ay_4_ap_vld  | out |    1|   ap_vld   |    p_ay_4    |    pointer   |
|p_az_4         | out |   64|   ap_vld   |    p_az_4    |    pointer   |
|p_az_4_ap_vld  | out |    1|   ap_vld   |    p_az_4    |    pointer   |
|p_ax_5         | out |   64|   ap_vld   |    p_ax_5    |    pointer   |
|p_ax_5_ap_vld  | out |    1|   ap_vld   |    p_ax_5    |    pointer   |
|p_ay_5         | out |   64|   ap_vld   |    p_ay_5    |    pointer   |
|p_ay_5_ap_vld  | out |    1|   ap_vld   |    p_ay_5    |    pointer   |
|p_az_5         | out |   64|   ap_vld   |    p_az_5    |    pointer   |
|p_az_5_ap_vld  | out |    1|   ap_vld   |    p_az_5    |    pointer   |
|p_ax_6         | out |   64|   ap_vld   |    p_ax_6    |    pointer   |
|p_ax_6_ap_vld  | out |    1|   ap_vld   |    p_ax_6    |    pointer   |
|p_ay_6         | out |   64|   ap_vld   |    p_ay_6    |    pointer   |
|p_ay_6_ap_vld  | out |    1|   ap_vld   |    p_ay_6    |    pointer   |
|p_az_6         | out |   64|   ap_vld   |    p_az_6    |    pointer   |
|p_az_6_ap_vld  | out |    1|   ap_vld   |    p_az_6    |    pointer   |
|p_ax_7         | out |   64|   ap_vld   |    p_ax_7    |    pointer   |
|p_ax_7_ap_vld  | out |    1|   ap_vld   |    p_ax_7    |    pointer   |
|p_ay_7         | out |   64|   ap_vld   |    p_ay_7    |    pointer   |
|p_ay_7_ap_vld  | out |    1|   ap_vld   |    p_ay_7    |    pointer   |
|p_az_7         | out |   64|   ap_vld   |    p_az_7    |    pointer   |
|p_az_7_ap_vld  | out |    1|   ap_vld   |    p_az_7    |    pointer   |
|p_ax_8         | out |   64|   ap_vld   |    p_ax_8    |    pointer   |
|p_ax_8_ap_vld  | out |    1|   ap_vld   |    p_ax_8    |    pointer   |
|p_ay_8         | out |   64|   ap_vld   |    p_ay_8    |    pointer   |
|p_ay_8_ap_vld  | out |    1|   ap_vld   |    p_ay_8    |    pointer   |
|p_az_8         | out |   64|   ap_vld   |    p_az_8    |    pointer   |
|p_az_8_ap_vld  | out |    1|   ap_vld   |    p_az_8    |    pointer   |
+---------------+-----+-----+------------+--------------+--------------+

