

================================================================
== Vivado HLS Report for 'kick'
================================================================
* Date:           Tue Nov  7 11:50:36 2017

* Version:        2017.1 (Build 1846317 on Fri Apr 14 19:19:38 MDT 2017)
* Project:        astroSim
* Solution:       solution1
* Product family: zynquplus
* Target device:  xczu19eg-ffve1924-3-e-es2


================================================================
== Performance Estimates
================================================================
+ Timing (ns): 
    * Summary: 
    +--------+-------+----------+------------+
    |  Clock | Target| Estimated| Uncertainty|
    +--------+-------+----------+------------+
    |ap_clk  |  10.00|      8.73|        1.25|
    +--------+-------+----------+------------+

+ Latency (clock cycles): 
    * Summary: 
    +-----+-----+-----+-----+---------+
    |  Latency  |  Interval | Pipeline|
    | min | max | min | max |   Type  |
    +-----+-----+-----+-----+---------+
    |   26|   26|   26|   26|   none  |
    +-----+-----+-----+-----+---------+

    + Detail: 
        * Instance: 
        +---------------------------------------+-----------------------+-----+-----+-----+-----+----------+
        |                                       |                       |  Latency  |  Interval | Pipeline |
        |                Instance               |         Module        | min | max | min | max |   Type   |
        +---------------------------------------+-----------------------+-----+-----+-----+-----+----------+
        |tmp_27_p_hls_fptosi_double_s_fu_762    |p_hls_fptosi_double_s  |    0|    0|    1|    1| function |
        |tmp_31_p_hls_fptosi_double_s_fu_767    |p_hls_fptosi_double_s  |    0|    0|    1|    1| function |
        |tmp_35_p_hls_fptosi_double_s_fu_772    |p_hls_fptosi_double_s  |    0|    0|    1|    1| function |
        |tmp_27_1_p_hls_fptosi_double_s_fu_777  |p_hls_fptosi_double_s  |    0|    0|    1|    1| function |
        |tmp_31_1_p_hls_fptosi_double_s_fu_782  |p_hls_fptosi_double_s  |    0|    0|    1|    1| function |
        |tmp_35_1_p_hls_fptosi_double_s_fu_787  |p_hls_fptosi_double_s  |    0|    0|    1|    1| function |
        |tmp_27_2_p_hls_fptosi_double_s_fu_792  |p_hls_fptosi_double_s  |    0|    0|    1|    1| function |
        |tmp_31_2_p_hls_fptosi_double_s_fu_797  |p_hls_fptosi_double_s  |    0|    0|    1|    1| function |
        |tmp_35_2_p_hls_fptosi_double_s_fu_802  |p_hls_fptosi_double_s  |    0|    0|    1|    1| function |
        +---------------------------------------+-----------------------+-----+-----+-----+-----+----------+

        * Loop: 
        +----------+-----+-----+----------+-----------+-----------+------+----------+
        |          |  Latency  | Iteration|  Initiation Interval  | Trip |          |
        | Loop Name| min | max |  Latency |  achieved |   target  | Count| Pipelined|
        +----------+-----+-----+----------+-----------+-----------+------+----------+
        |- Loop 1  |   24|   24|        23|          1|          1|     3|    yes   |
        +----------+-----+-----+----------+-----------+-----------+------+----------+



================================================================
== Utilization Estimates
================================================================
* Summary: 
+-----------------+---------+-------+---------+--------+-----+
|       Name      | BRAM_18K| DSP48E|    FF   |   LUT  | URAM|
+-----------------+---------+-------+---------+--------+-----+
|DSP              |        -|      -|        -|       -|    -|
|Expression       |        -|      -|        0|    1841|    -|
|FIFO             |        -|      -|        -|       -|    -|
|Instance         |        -|     99|    32625|   42363|    -|
|Memory           |        -|      -|        -|       -|    -|
|Multiplexer      |        -|      -|        -|     300|    -|
|Register         |        -|      -|     4911|     128|    -|
+-----------------+---------+-------+---------+--------+-----+
|Total            |        0|     99|    37536|   44632|    0|
+-----------------+---------+-------+---------+--------+-----+
|Available        |     1968|   1968|  1045440|  522720|  128|
+-----------------+---------+-------+---------+--------+-----+
|Utilization (%)  |        0|      5|        3|       8|    0|
+-----------------+---------+-------+---------+--------+-----+

+ Detail: 
    * Instance: 
    +---------------------------------------+-----------------------+---------+-------+------+------+
    |                Instance               |         Module        | BRAM_18K| DSP48E|  FF  |  LUT |
    +---------------------------------------+-----------------------+---------+-------+------+------+
    |astroSim_ddiv_64nbkb_x_U513            |astroSim_ddiv_64nbkb   |        0|      0|  1708|  3246|
    |astroSim_ddiv_64nbkb_x_U514            |astroSim_ddiv_64nbkb   |        0|      0|  1708|  3246|
    |astroSim_ddiv_64nbkb_x_U515            |astroSim_ddiv_64nbkb   |        0|      0|  1708|  3246|
    |astroSim_ddiv_64nbkb_x_U516            |astroSim_ddiv_64nbkb   |        0|      0|  1708|  3246|
    |astroSim_ddiv_64nbkb_x_U517            |astroSim_ddiv_64nbkb   |        0|      0|  1708|  3246|
    |astroSim_ddiv_64nbkb_x_U518            |astroSim_ddiv_64nbkb   |        0|      0|  1708|  3246|
    |astroSim_ddiv_64nbkb_x_U519            |astroSim_ddiv_64nbkb   |        0|      0|  1708|  3246|
    |astroSim_ddiv_64nbkb_x_U520            |astroSim_ddiv_64nbkb   |        0|      0|  1708|  3246|
    |astroSim_ddiv_64nbkb_x_U521            |astroSim_ddiv_64nbkb   |        0|      0|  1708|  3246|
    |astroSim_dmul_64ndEe_x_U504            |astroSim_dmul_64ndEe   |        0|     11|   275|   185|
    |astroSim_dmul_64ndEe_x_U505            |astroSim_dmul_64ndEe   |        0|     11|   275|   185|
    |astroSim_dmul_64ndEe_x_U506            |astroSim_dmul_64ndEe   |        0|     11|   275|   185|
    |astroSim_dmul_64ndEe_x_U507            |astroSim_dmul_64ndEe   |        0|     11|   275|   185|
    |astroSim_dmul_64ndEe_x_U508            |astroSim_dmul_64ndEe   |        0|     11|   275|   185|
    |astroSim_dmul_64ndEe_x_U509            |astroSim_dmul_64ndEe   |        0|     11|   275|   185|
    |astroSim_dmul_64ndEe_x_U510            |astroSim_dmul_64ndEe   |        0|     11|   275|   185|
    |astroSim_dmul_64ndEe_x_U511            |astroSim_dmul_64ndEe   |        0|     11|   275|   185|
    |astroSim_dmul_64ndEe_x_U512            |astroSim_dmul_64ndEe   |        0|     11|   275|   185|
    |astroSim_mux_164_cud_x_U522            |astroSim_mux_164_cud   |        0|      0|   278|    65|
    |astroSim_mux_164_cud_x_U523            |astroSim_mux_164_cud   |        0|      0|   278|    65|
    |astroSim_mux_164_cud_x_U524            |astroSim_mux_164_cud   |        0|      0|   278|    65|
    |astroSim_mux_164_cud_x_U525            |astroSim_mux_164_cud   |        0|      0|   278|    65|
    |astroSim_mux_164_cud_x_U526            |astroSim_mux_164_cud   |        0|      0|   278|    65|
    |astroSim_mux_164_cud_x_U527            |astroSim_mux_164_cud   |        0|      0|   278|    65|
    |astroSim_mux_164_cud_x_U528            |astroSim_mux_164_cud   |        0|      0|   278|    65|
    |astroSim_mux_164_cud_x_U529            |astroSim_mux_164_cud   |        0|      0|   278|    65|
    |astroSim_mux_164_cud_x_U530            |astroSim_mux_164_cud   |        0|      0|   278|    65|
    |astroSim_mux_164_cud_x_U531            |astroSim_mux_164_cud   |        0|      0|   278|    65|
    |astroSim_mux_164_cud_x_U532            |astroSim_mux_164_cud   |        0|      0|   278|    65|
    |astroSim_mux_164_cud_x_U533            |astroSim_mux_164_cud   |        0|      0|   278|    65|
    |astroSim_mux_164_cud_x_U534            |astroSim_mux_164_cud   |        0|      0|   278|    65|
    |astroSim_mux_164_cud_x_U535            |astroSim_mux_164_cud   |        0|      0|   278|    65|
    |astroSim_mux_164_cud_x_U536            |astroSim_mux_164_cud   |        0|      0|   278|    65|
    |astroSim_mux_164_cud_x_U537            |astroSim_mux_164_cud   |        0|      0|   278|    65|
    |astroSim_mux_164_cud_x_U538            |astroSim_mux_164_cud   |        0|      0|   278|    65|
    |astroSim_mux_164_cud_x_U539            |astroSim_mux_164_cud   |        0|      0|   278|    65|
    |astroSim_mux_164_cud_x_U540            |astroSim_mux_164_cud   |        0|      0|   278|    65|
    |astroSim_mux_164_cud_x_U541            |astroSim_mux_164_cud   |        0|      0|   278|    65|
    |astroSim_mux_164_cud_x_U542            |astroSim_mux_164_cud   |        0|      0|   278|    65|
    |astroSim_mux_164_cud_x_U543            |astroSim_mux_164_cud   |        0|      0|   278|    65|
    |astroSim_mux_164_cud_x_U544            |astroSim_mux_164_cud   |        0|      0|   278|    65|
    |astroSim_mux_164_cud_x_U545            |astroSim_mux_164_cud   |        0|      0|   278|    65|
    |astroSim_mux_164_cud_x_U546            |astroSim_mux_164_cud   |        0|      0|   278|    65|
    |astroSim_mux_164_cud_x_U547            |astroSim_mux_164_cud   |        0|      0|   278|    65|
    |astroSim_mux_164_cud_x_U548            |astroSim_mux_164_cud   |        0|      0|   278|    65|
    |astroSim_mux_164_cud_x_U549            |astroSim_mux_164_cud   |        0|      0|   278|    65|
    |astroSim_mux_164_cud_x_U550            |astroSim_mux_164_cud   |        0|      0|   278|    65|
    |astroSim_mux_164_cud_x_U551            |astroSim_mux_164_cud   |        0|      0|   278|    65|
    |astroSim_mux_164_cud_x_U552            |astroSim_mux_164_cud   |        0|      0|   278|    65|
    |astroSim_mux_164_cud_x_U553            |astroSim_mux_164_cud   |        0|      0|   278|    65|
    |astroSim_mux_164_cud_x_U554            |astroSim_mux_164_cud   |        0|      0|   278|    65|
    |astroSim_mux_164_cud_x_U555            |astroSim_mux_164_cud   |        0|      0|   278|    65|
    |astroSim_mux_164_cud_x_U556            |astroSim_mux_164_cud   |        0|      0|   278|    65|
    |astroSim_mux_164_cud_x_U557            |astroSim_mux_164_cud   |        0|      0|   278|    65|
    |tmp_27_p_hls_fptosi_double_s_fu_762    |p_hls_fptosi_double_s  |        0|      0|   530|  1016|
    |tmp_31_p_hls_fptosi_double_s_fu_767    |p_hls_fptosi_double_s  |        0|      0|   530|  1016|
    |tmp_35_p_hls_fptosi_double_s_fu_772    |p_hls_fptosi_double_s  |        0|      0|   530|  1016|
    |tmp_27_1_p_hls_fptosi_double_s_fu_777  |p_hls_fptosi_double_s  |        0|      0|   530|  1016|
    |tmp_31_1_p_hls_fptosi_double_s_fu_782  |p_hls_fptosi_double_s  |        0|      0|   530|  1016|
    |tmp_35_1_p_hls_fptosi_double_s_fu_787  |p_hls_fptosi_double_s  |        0|      0|   530|  1016|
    |tmp_27_2_p_hls_fptosi_double_s_fu_792  |p_hls_fptosi_double_s  |        0|      0|   530|  1016|
    |tmp_31_2_p_hls_fptosi_double_s_fu_797  |p_hls_fptosi_double_s  |        0|      0|   530|  1016|
    |tmp_35_2_p_hls_fptosi_double_s_fu_802  |p_hls_fptosi_double_s  |        0|      0|   530|  1016|
    +---------------------------------------+-----------------------+---------+-------+------+------+
    |Total                                  |                       |        0|     99| 32625| 42363|
    +---------------------------------------+-----------------------+---------+-------+------+------+

    * DSP48: 
    N/A

    * Memory: 
    N/A

    * FIFO: 
    N/A

    * Expression: 
    +-------------------------+----------+-------+---+----+------------+------------+
    |      Variable Name      | Operation| DSP48E| FF| LUT| Bitwidth P0| Bitwidth P1|
    +-------------------------+----------+-------+---+----+------------+------------+
    |i_3_0_t_fu_915_p2        |     +    |      0|  0|  12|           4|           1|
    |i_3_1_t_fu_927_p2        |     +    |      0|  0|  12|           4|           2|
    |i_3_2_fu_939_p2          |     +    |      0|  0|  12|           4|           2|
    |tmp_28_1_fu_1564_p2      |     +    |      0|  0|  71|          64|          64|
    |tmp_28_2_fu_2026_p2      |     +    |      0|  0|  71|          64|          64|
    |tmp_28_fu_1091_p2        |     +    |      0|  0|  71|          64|          64|
    |tmp_32_1_fu_1718_p2      |     +    |      0|  0|  71|          64|          64|
    |tmp_32_2_fu_2180_p2      |     +    |      0|  0|  71|          64|          64|
    |tmp_32_fu_1249_p2        |     +    |      0|  0|  71|          64|          64|
    |tmp_36_1_fu_1872_p2      |     +    |      0|  0|  71|          64|          64|
    |tmp_36_2_fu_2334_p2      |     +    |      0|  0|  71|          64|          64|
    |tmp_36_fu_1407_p2        |     +    |      0|  0|  71|          64|          64|
    |sel_tmp2_fu_909_p2       |   icmp   |      0|  0|   2|           4|           1|
    |sel_tmp_fu_903_p2        |   icmp   |      0|  0|   2|           4|           2|
    |tmp_68_fu_921_p2         |   icmp   |      0|  0|   2|           4|           3|
    |tmp_72_fu_933_p2         |   icmp   |      0|  0|   2|           4|           3|
    |tmp_fu_897_p2            |   icmp   |      0|  0|   2|           4|           4|
    |grp_fu_807_p0            |  select  |      0|  0|  64|           1|          64|
    |grp_fu_812_p0            |  select  |      0|  0|  64|           1|          64|
    |grp_fu_817_p0            |  select  |      0|  0|  64|           1|          64|
    |grp_fu_822_p0            |  select  |      0|  0|  64|           1|          64|
    |grp_fu_827_p0            |  select  |      0|  0|  64|           1|          64|
    |grp_fu_832_p0            |  select  |      0|  0|  64|           1|          64|
    |grp_fu_837_p0            |  select  |      0|  0|  64|           1|          64|
    |grp_fu_842_p0            |  select  |      0|  0|  64|           1|          64|
    |grp_fu_847_p0            |  select  |      0|  0|  64|           1|          64|
    |sel_tmp1_fu_945_p3       |  select  |      0|  0|  64|           1|          64|
    |tmp_65_fu_957_p3         |  select  |      0|  0|  64|           1|          64|
    |tmp_66_fu_969_p3         |  select  |      0|  0|  64|           1|          64|
    |tmp_67_fu_981_p3         |  select  |      0|  0|  64|           1|          64|
    |tmp_69_fu_993_p3         |  select  |      0|  0|  64|           1|          64|
    |tmp_70_fu_1005_p3        |  select  |      0|  0|  64|           1|          64|
    |tmp_71_fu_1017_p3        |  select  |      0|  0|  64|           1|          64|
    |tmp_73_fu_1029_p3        |  select  |      0|  0|  64|           1|          64|
    |tmp_74_fu_1041_p3        |  select  |      0|  0|  64|           1|          64|
    |ap_enable_pp0            |    xor   |      0|  0|   2|           1|           2|
    |ap_enable_reg_pp0_iter1  |    xor   |      0|  0|   2|           1|           2|
    +-------------------------+----------+-------+---+----+------------+------------+
    |Total                    |          |      0|  0|1841|         628|        1750|
    +-------------------------+----------+-------+---+----+------------+------------+

    * Multiplexer: 
    +--------------------------+----+-----------+-----+-----------+
    |           Name           | LUT| Input Size| Bits| Total Bits|
    +--------------------------+----+-----------+-----+-----------+
    |ap_NS_fsm                 |  21|          4|    1|          4|
    |ap_enable_reg_pp0_iter1   |   9|          2|    1|          2|
    |ap_enable_reg_pp0_iter22  |   9|          2|    1|          2|
    |i_phi_fu_754_p4           |   9|          2|    4|          8|
    |i_reg_750                 |   9|          2|    4|          8|
    |p_int_vx2_reg_500         |   9|          2|   64|        128|
    |p_int_vx3_reg_510         |   9|          2|   64|        128|
    |p_int_vx4_reg_520         |   9|          2|   64|        128|
    |p_int_vx5_reg_530         |   9|          2|   64|        128|
    |p_int_vx6_reg_540         |   9|          2|   64|        128|
    |p_int_vx7_reg_550         |   9|          2|   64|        128|
    |p_int_vx8_reg_560         |   9|          2|   64|        128|
    |p_int_vx9_reg_490         |   9|          2|   64|        128|
    |p_int_vx_reg_480          |   9|          2|   64|        128|
    |p_int_vy1_reg_650         |   9|          2|   64|        128|
    |p_int_vy3_reg_590         |   9|          2|   64|        128|
    |p_int_vy4_reg_600         |   9|          2|   64|        128|
    |p_int_vy5_reg_610         |   9|          2|   64|        128|
    |p_int_vy6_reg_620         |   9|          2|   64|        128|
    |p_int_vy7_reg_630         |   9|          2|   64|        128|
    |p_int_vy8_reg_640         |   9|          2|   64|        128|
    |p_int_vy9_reg_580         |   9|          2|   64|        128|
    |p_int_vy_reg_570          |   9|          2|   64|        128|
    |p_int_vz1_reg_740         |   9|          2|   64|        128|
    |p_int_vz3_reg_670         |   9|          2|   64|        128|
    |p_int_vz4_reg_680         |   9|          2|   64|        128|
    |p_int_vz5_reg_690         |   9|          2|   64|        128|
    |p_int_vz6_reg_700         |   9|          2|   64|        128|
    |p_int_vz7_reg_710         |   9|          2|   64|        128|
    |p_int_vz8_reg_720         |   9|          2|   64|        128|
    |p_int_vz9_reg_730         |   9|          2|   64|        128|
    |p_int_vz_reg_660          |   9|          2|   64|        128|
    +--------------------------+----+-----------+-----+-----------+
    |Total                     | 300|         66| 1739|       3480|
    +--------------------------+----+-----------+-----+-----------+

    * Register: 
    +--------------------------+----+----+-----+-----------+
    |           Name           | FF | LUT| Bits| Const Bits|
    +--------------------------+----+----+-----+-----------+
    |ap_CS_fsm                 |   3|   0|    3|          0|
    |ap_enable_reg_pp0_iter0   |   1|   0|    1|          0|
    |ap_enable_reg_pp0_iter1   |   1|   0|    1|          0|
    |ap_enable_reg_pp0_iter10  |   1|   0|    1|          0|
    |ap_enable_reg_pp0_iter11  |   1|   0|    1|          0|
    |ap_enable_reg_pp0_iter12  |   1|   0|    1|          0|
    |ap_enable_reg_pp0_iter13  |   1|   0|    1|          0|
    |ap_enable_reg_pp0_iter14  |   1|   0|    1|          0|
    |ap_enable_reg_pp0_iter15  |   1|   0|    1|          0|
    |ap_enable_reg_pp0_iter16  |   1|   0|    1|          0|
    |ap_enable_reg_pp0_iter17  |   1|   0|    1|          0|
    |ap_enable_reg_pp0_iter18  |   1|   0|    1|          0|
    |ap_enable_reg_pp0_iter19  |   1|   0|    1|          0|
    |ap_enable_reg_pp0_iter2   |   1|   0|    1|          0|
    |ap_enable_reg_pp0_iter20  |   1|   0|    1|          0|
    |ap_enable_reg_pp0_iter21  |   1|   0|    1|          0|
    |ap_enable_reg_pp0_iter22  |   1|   0|    1|          0|
    |ap_enable_reg_pp0_iter3   |   1|   0|    1|          0|
    |ap_enable_reg_pp0_iter4   |   1|   0|    1|          0|
    |ap_enable_reg_pp0_iter5   |   1|   0|    1|          0|
    |ap_enable_reg_pp0_iter6   |   1|   0|    1|          0|
    |ap_enable_reg_pp0_iter7   |   1|   0|    1|          0|
    |ap_enable_reg_pp0_iter8   |   1|   0|    1|          0|
    |ap_enable_reg_pp0_iter9   |   1|   0|    1|          0|
    |i_3_0_t_reg_2907          |   4|   0|    4|          0|
    |i_3_1_t_reg_2930          |   4|   0|    4|          0|
    |i_3_2_reg_2953            |   4|   0|    4|          0|
    |i_reg_750                 |   4|   0|    4|          0|
    |p_0_ax_read_1_reg_2743    |  64|   0|   64|          0|
    |p_0_ay_read_1_reg_2698    |  64|   0|   64|          0|
    |p_0_az_read_1_reg_2653    |  64|   0|   64|          0|
    |p_1_ax_read_1_reg_2738    |  64|   0|   64|          0|
    |p_1_ay_read_1_reg_2693    |  64|   0|   64|          0|
    |p_1_az_read_1_reg_2648    |  64|   0|   64|          0|
    |p_2_ax_read_1_reg_2733    |  64|   0|   64|          0|
    |p_2_ay_read_1_reg_2688    |  64|   0|   64|          0|
    |p_2_az_read_1_reg_2643    |  64|   0|   64|          0|
    |p_3_ax_read_1_reg_2728    |  64|   0|   64|          0|
    |p_3_ay_read_1_reg_2683    |  64|   0|   64|          0|
    |p_3_az_read_1_reg_2638    |  64|   0|   64|          0|
    |p_4_ax_read_1_reg_2723    |  64|   0|   64|          0|
    |p_4_ay_read_1_reg_2678    |  64|   0|   64|          0|
    |p_4_az_read_1_reg_2633    |  64|   0|   64|          0|
    |p_5_ax_read_1_reg_2718    |  64|   0|   64|          0|
    |p_5_ay_read_1_reg_2673    |  64|   0|   64|          0|
    |p_5_az_read_1_reg_2628    |  64|   0|   64|          0|
    |p_6_ax_read_1_reg_2713    |  64|   0|   64|          0|
    |p_6_ay_read_1_reg_2668    |  64|   0|   64|          0|
    |p_6_az_read_1_reg_2623    |  64|   0|   64|          0|
    |p_7_ax_read_1_reg_2708    |  64|   0|   64|          0|
    |p_7_ay_read_1_reg_2663    |  64|   0|   64|          0|
    |p_7_az_read_1_reg_2618    |  64|   0|   64|          0|
    |p_8_ax_read_1_reg_2703    |  64|   0|   64|          0|
    |p_8_ay_read_1_reg_2658    |  64|   0|   64|          0|
    |p_8_az_read_1_reg_2613    |  64|   0|   64|          0|
    |p_int_vx2_reg_500         |  64|   0|   64|          0|
    |p_int_vx3_reg_510         |  64|   0|   64|          0|
    |p_int_vx4_reg_520         |  64|   0|   64|          0|
    |p_int_vx5_reg_530         |  64|   0|   64|          0|
    |p_int_vx6_reg_540         |  64|   0|   64|          0|
    |p_int_vx7_reg_550         |  64|   0|   64|          0|
    |p_int_vx8_reg_560         |  64|   0|   64|          0|
    |p_int_vx9_reg_490         |  64|   0|   64|          0|
    |p_int_vx_reg_480          |  64|   0|   64|          0|
    |p_int_vy1_reg_650         |  64|   0|   64|          0|
    |p_int_vy3_reg_590         |  64|   0|   64|          0|
    |p_int_vy4_reg_600         |  64|   0|   64|          0|
    |p_int_vy5_reg_610         |  64|   0|   64|          0|
    |p_int_vy6_reg_620         |  64|   0|   64|          0|
    |p_int_vy7_reg_630         |  64|   0|   64|          0|
    |p_int_vy8_reg_640         |  64|   0|   64|          0|
    |p_int_vy9_reg_580         |  64|   0|   64|          0|
    |p_int_vy_reg_570          |  64|   0|   64|          0|
    |p_int_vz1_reg_740         |  64|   0|   64|          0|
    |p_int_vz3_reg_670         |  64|   0|   64|          0|
    |p_int_vz4_reg_680         |  64|   0|   64|          0|
    |p_int_vz5_reg_690         |  64|   0|   64|          0|
    |p_int_vz6_reg_700         |  64|   0|   64|          0|
    |p_int_vz7_reg_710         |  64|   0|   64|          0|
    |p_int_vz8_reg_720         |  64|   0|   64|          0|
    |p_int_vz9_reg_730         |  64|   0|   64|          0|
    |p_int_vz_reg_660          |  64|   0|   64|          0|
    |sel_tmp2_reg_2894         |   1|   0|    1|          0|
    |sel_tmp_reg_2887          |   1|   0|    1|          0|
    |tmp_25_1_reg_3018         |  64|   0|   64|          0|
    |tmp_25_2_reg_3033         |  64|   0|   64|          0|
    |tmp_25_reg_3003           |  64|   0|   64|          0|
    |tmp_26_1_reg_3063         |  64|   0|   64|          0|
    |tmp_26_2_reg_3078         |  64|   0|   64|          0|
    |tmp_26_reg_3048           |  64|   0|   64|          0|
    |tmp_29_1_reg_3023         |  64|   0|   64|          0|
    |tmp_29_2_reg_3038         |  64|   0|   64|          0|
    |tmp_29_reg_3008           |  64|   0|   64|          0|
    |tmp_30_1_reg_3068         |  64|   0|   64|          0|
    |tmp_30_2_reg_3083         |  64|   0|   64|          0|
    |tmp_30_reg_3053           |  64|   0|   64|          0|
    |tmp_33_1_reg_3028         |  64|   0|   64|          0|
    |tmp_33_2_reg_3043         |  64|   0|   64|          0|
    |tmp_33_reg_3013           |  64|   0|   64|          0|
    |tmp_34_1_reg_3073         |  64|   0|   64|          0|
    |tmp_34_2_reg_3088         |  64|   0|   64|          0|
    |tmp_34_reg_3058           |  64|   0|   64|          0|
    |tmp_68_reg_2923           |   1|   0|    1|          0|
    |tmp_72_reg_2946           |   1|   0|    1|          0|
    |tmp_reg_2883              |   1|   0|    1|          0|
    |i_3_0_t_reg_2907          |  64|  32|    4|          0|
    |i_3_1_t_reg_2930          |  64|  32|    4|          0|
    |i_reg_750                 |  64|  32|    4|          0|
    |tmp_reg_2883              |  64|  32|    1|          0|
    +--------------------------+----+----+-----+-----------+
    |Total                     |4911| 128| 4668|          0|
    +--------------------------+----+----+-----+-----------+



================================================================
== Interface
================================================================
* Summary: 
+-----------------+-----+-----+------------+-----------------+--------------+
|    RTL Ports    | Dir | Bits|  Protocol  |  Source Object  |    C Type    |
+-----------------+-----+-----+------------+-----------------+--------------+
|ap_clk           |  in |    1| ap_ctrl_hs |       kick      | return value |
|ap_rst           |  in |    1| ap_ctrl_hs |       kick      | return value |
|ap_start         |  in |    1| ap_ctrl_hs |       kick      | return value |
|ap_done          | out |    1| ap_ctrl_hs |       kick      | return value |
|ap_idle          | out |    1| ap_ctrl_hs |       kick      | return value |
|ap_ready         | out |    1| ap_ctrl_hs |       kick      | return value |
|ap_return_0      | out |   64| ap_ctrl_hs |       kick      | return value |
|ap_return_1      | out |   64| ap_ctrl_hs |       kick      | return value |
|ap_return_2      | out |   64| ap_ctrl_hs |       kick      | return value |
|ap_return_3      | out |   64| ap_ctrl_hs |       kick      | return value |
|ap_return_4      | out |   64| ap_ctrl_hs |       kick      | return value |
|ap_return_5      | out |   64| ap_ctrl_hs |       kick      | return value |
|ap_return_6      | out |   64| ap_ctrl_hs |       kick      | return value |
|ap_return_7      | out |   64| ap_ctrl_hs |       kick      | return value |
|ap_return_8      | out |   64| ap_ctrl_hs |       kick      | return value |
|ap_return_9      | out |   64| ap_ctrl_hs |       kick      | return value |
|ap_return_10     | out |   64| ap_ctrl_hs |       kick      | return value |
|ap_return_11     | out |   64| ap_ctrl_hs |       kick      | return value |
|ap_return_12     | out |   64| ap_ctrl_hs |       kick      | return value |
|ap_return_13     | out |   64| ap_ctrl_hs |       kick      | return value |
|ap_return_14     | out |   64| ap_ctrl_hs |       kick      | return value |
|ap_return_15     | out |   64| ap_ctrl_hs |       kick      | return value |
|ap_return_16     | out |   64| ap_ctrl_hs |       kick      | return value |
|ap_return_17     | out |   64| ap_ctrl_hs |       kick      | return value |
|ap_return_18     | out |   64| ap_ctrl_hs |       kick      | return value |
|ap_return_19     | out |   64| ap_ctrl_hs |       kick      | return value |
|ap_return_20     | out |   64| ap_ctrl_hs |       kick      | return value |
|ap_return_21     | out |   64| ap_ctrl_hs |       kick      | return value |
|ap_return_22     | out |   64| ap_ctrl_hs |       kick      | return value |
|ap_return_23     | out |   64| ap_ctrl_hs |       kick      | return value |
|ap_return_24     | out |   64| ap_ctrl_hs |       kick      | return value |
|ap_return_25     | out |   64| ap_ctrl_hs |       kick      | return value |
|ap_return_26     | out |   64| ap_ctrl_hs |       kick      | return value |
|p_int_0_vx_read  |  in |   64|   ap_none  | p_int_0_vx_read |    scalar    |
|p_int_1_vx_read  |  in |   64|   ap_none  | p_int_1_vx_read |    scalar    |
|p_int_2_vx_read  |  in |   64|   ap_none  | p_int_2_vx_read |    scalar    |
|p_int_3_vx_read  |  in |   64|   ap_none  | p_int_3_vx_read |    scalar    |
|p_int_4_vx_read  |  in |   64|   ap_none  | p_int_4_vx_read |    scalar    |
|p_int_5_vx_read  |  in |   64|   ap_none  | p_int_5_vx_read |    scalar    |
|p_int_6_vx_read  |  in |   64|   ap_none  | p_int_6_vx_read |    scalar    |
|p_int_7_vx_read  |  in |   64|   ap_none  | p_int_7_vx_read |    scalar    |
|p_int_8_vx_read  |  in |   64|   ap_none  | p_int_8_vx_read |    scalar    |
|p_int_0_vy_read  |  in |   64|   ap_none  | p_int_0_vy_read |    scalar    |
|p_int_1_vy_read  |  in |   64|   ap_none  | p_int_1_vy_read |    scalar    |
|p_int_2_vy_read  |  in |   64|   ap_none  | p_int_2_vy_read |    scalar    |
|p_int_3_vy_read  |  in |   64|   ap_none  | p_int_3_vy_read |    scalar    |
|p_int_4_vy_read  |  in |   64|   ap_none  | p_int_4_vy_read |    scalar    |
|p_int_5_vy_read  |  in |   64|   ap_none  | p_int_5_vy_read |    scalar    |
|p_int_6_vy_read  |  in |   64|   ap_none  | p_int_6_vy_read |    scalar    |
|p_int_7_vy_read  |  in |   64|   ap_none  | p_int_7_vy_read |    scalar    |
|p_int_8_vy_read  |  in |   64|   ap_none  | p_int_8_vy_read |    scalar    |
|p_int_0_vz_read  |  in |   64|   ap_none  | p_int_0_vz_read |    scalar    |
|p_int_1_vz_read  |  in |   64|   ap_none  | p_int_1_vz_read |    scalar    |
|p_int_2_vz_read  |  in |   64|   ap_none  | p_int_2_vz_read |    scalar    |
|p_int_3_vz_read  |  in |   64|   ap_none  | p_int_3_vz_read |    scalar    |
|p_int_4_vz_read  |  in |   64|   ap_none  | p_int_4_vz_read |    scalar    |
|p_int_5_vz_read  |  in |   64|   ap_none  | p_int_5_vz_read |    scalar    |
|p_int_6_vz_read  |  in |   64|   ap_none  | p_int_6_vz_read |    scalar    |
|p_int_7_vz_read  |  in |   64|   ap_none  | p_int_7_vz_read |    scalar    |
|p_int_8_vz_read  |  in |   64|   ap_none  | p_int_8_vz_read |    scalar    |
|p_0_ax_read      |  in |   64|   ap_none  |   p_0_ax_read   |    scalar    |
|p_1_ax_read      |  in |   64|   ap_none  |   p_1_ax_read   |    scalar    |
|p_2_ax_read      |  in |   64|   ap_none  |   p_2_ax_read   |    scalar    |
|p_3_ax_read      |  in |   64|   ap_none  |   p_3_ax_read   |    scalar    |
|p_4_ax_read      |  in |   64|   ap_none  |   p_4_ax_read   |    scalar    |
|p_5_ax_read      |  in |   64|   ap_none  |   p_5_ax_read   |    scalar    |
|p_6_ax_read      |  in |   64|   ap_none  |   p_6_ax_read   |    scalar    |
|p_7_ax_read      |  in |   64|   ap_none  |   p_7_ax_read   |    scalar    |
|p_8_ax_read      |  in |   64|   ap_none  |   p_8_ax_read   |    scalar    |
|p_0_ay_read      |  in |   64|   ap_none  |   p_0_ay_read   |    scalar    |
|p_1_ay_read      |  in |   64|   ap_none  |   p_1_ay_read   |    scalar    |
|p_2_ay_read      |  in |   64|   ap_none  |   p_2_ay_read   |    scalar    |
|p_3_ay_read      |  in |   64|   ap_none  |   p_3_ay_read   |    scalar    |
|p_4_ay_read      |  in |   64|   ap_none  |   p_4_ay_read   |    scalar    |
|p_5_ay_read      |  in |   64|   ap_none  |   p_5_ay_read   |    scalar    |
|p_6_ay_read      |  in |   64|   ap_none  |   p_6_ay_read   |    scalar    |
|p_7_ay_read      |  in |   64|   ap_none  |   p_7_ay_read   |    scalar    |
|p_8_ay_read      |  in |   64|   ap_none  |   p_8_ay_read   |    scalar    |
|p_0_az_read      |  in |   64|   ap_none  |   p_0_az_read   |    scalar    |
|p_1_az_read      |  in |   64|   ap_none  |   p_1_az_read   |    scalar    |
|p_2_az_read      |  in |   64|   ap_none  |   p_2_az_read   |    scalar    |
|p_3_az_read      |  in |   64|   ap_none  |   p_3_az_read   |    scalar    |
|p_4_az_read      |  in |   64|   ap_none  |   p_4_az_read   |    scalar    |
|p_5_az_read      |  in |   64|   ap_none  |   p_5_az_read   |    scalar    |
|p_6_az_read      |  in |   64|   ap_none  |   p_6_az_read   |    scalar    |
|p_7_az_read      |  in |   64|   ap_none  |   p_7_az_read   |    scalar    |
|p_8_az_read      |  in |   64|   ap_none  |   p_8_az_read   |    scalar    |
+-----------------+-----+-----+------------+-----------------+--------------+

