==============================================================
File generated by Vivado(TM) HLS - High-Level Synthesis from C, C++ and SystemC
Version: 2017.1
Copyright (C) 1986-2017 Xilinx, Inc. All Rights Reserved.

==============================================================

INFO: [SYN 201-201] Setting up clock 'default' with a period of 10ns.
INFO: [HLS 200-10] Setting target device to 'xczu19eg-ffve1924-3-e-es2'
INFO: [HLS 200-10] Analyzing design file 'astro.c' ... 
INFO: [HLS 200-10] Validating synthesis directives ...
INFO: [HLS 200-111] Finished Checking Pragmas Time (s): cpu = 00:00:03 ; elapsed = 00:00:01 . Memory (MB): peak = 348.113 ; gain = 12.586 ; free physical = 1266 ; free virtual = 12135
INFO: [HLS 200-111] Finished Linking Time (s): cpu = 00:00:03 ; elapsed = 00:00:02 . Memory (MB): peak = 348.113 ; gain = 12.586 ; free physical = 1266 ; free virtual = 12134
INFO: [HLS 200-10] Starting code transformations ...
INFO: [XFORM 203-501] Unrolling loop 'Loop-1' (astro.c:56) in function 'gravity': changing partial unrolling into complete unrolling since the unrolling factor (=9) is no less than the loop trip count (=9).
INFO: [XFORM 203-501] Unrolling loop 'Loop-1.1' (astro.c:58) in function 'gravity': changing partial unrolling into complete unrolling since the unrolling factor (=9) is no less than the loop trip count (=9).
INFO: [XFORM 203-603] Inlining function 'ap_fixed_base<169, 116, false, (ap_q_mode)5, (ap_o_mode)3, 0>::operator<<' into 'hls::cast_IEEE754<long, (ap_q_mode)6, double>' (/wrk/2017.1/nightly/2017_04_14_1846317/src/products/hls/hls_lib/src/hls/hls_round.h:441).
INFO: [XFORM 203-603] Inlining function 'ap_fixed_base<1, 64, false, (ap_q_mode)5, (ap_o_mode)0, 0>::overflow_adjust' into 'ap_fixed_base<1, 64, false, (ap_q_mode)5, (ap_o_mode)0, 0>::ap_fixed_base<169, 116, false, (ap_q_mode)5, (ap_o_mode)3, 0>' ().
INFO: [HLS 200-111] Finished Standard Transforms Time (s): cpu = 00:00:12 ; elapsed = 00:00:11 . Memory (MB): peak = 710.301 ; gain = 374.773 ; free physical = 895 ; free virtual = 11850
INFO: [HLS 200-10] Checking synthesizability ...
INFO: [XFORM 203-602] Inlining function 'fp_struct<double>::mantissa' into 'hls::cast_IEEE754<long, (ap_q_mode)6, double>' (/wrk/2017.1/nightly/2017_04_14_1846317/src/products/hls/hls_lib/src/hls/hls_round.h:438) automatically.
INFO: [XFORM 203-602] Inlining function 'fp_struct<double>::expv' into 'hls::cast_IEEE754<long, (ap_q_mode)6, double>' (/wrk/2017.1/nightly/2017_04_14_1846317/src/products/hls/hls_lib/src/hls/hls_round.h:441) automatically.
INFO: [XFORM 203-602] Inlining function 'fp_struct<double>::__signbit' into 'hls::cast_IEEE754<long, (ap_q_mode)6, double>' (/wrk/2017.1/nightly/2017_04_14_1846317/src/products/hls/hls_lib/src/hls/hls_round.h:473) automatically.
INFO: [XFORM 203-602] Inlining function 'hls::cast_IEEE754<long, (ap_q_mode)6, double>' into 'hls::cast_IEEE754<long, double>' (/wrk/2017.1/nightly/2017_04_14_1846317/src/products/hls/hls_lib/src/hls/hls_round.h:523) automatically.
INFO: [XFORM 203-602] Inlining function 'hls::cast_IEEE754<long, double>' into '__hls_fptosi_double_i64' (/wrk/2017.1/nightly/2017_04_14_1846317/src/products/hls/hls_lib/src/lib_floatconversion.cpp:48) automatically.
INFO: [XFORM 203-602] Inlining function 'kick' into 'janus_step' (astro.c:86) automatically.
INFO: [XFORM 203-602] Inlining function 'to_int' into 'astroSim' (astro.c:153) automatically.
INFO: [XFORM 203-602] Inlining function 'janus_step' into 'astroSim' (astro.c:158) automatically.
INFO: [HLS 200-111] Finished Checking Synthesizability Time (s): cpu = 00:00:14 ; elapsed = 00:00:13 . Memory (MB): peak = 891.488 ; gain = 555.961 ; free physical = 744 ; free virtual = 11723
INFO: [XFORM 203-502] Unrolling all loops for pipelining in function 'kick' (astro.c:45).
WARNING: [XFORM 203-505] Ignored pipeline directive for loop 'Loop-1' (astro.c:46) because its parent loop or function is pipelined.
WARNING: [XFORM 203-503] Ignored partial unroll directive for loop 'Loop-1' (astro.c:46) because its parent loop or function is pipelined.
INFO: [XFORM 203-502] Unrolling all loops for pipelining in function 'gravity' (astro.c:55).
WARNING: [XFORM 203-503] Ignored partial unroll directive for loop 'Loop-1' (astro.c:56) because its parent loop or function is pipelined.
WARNING: [XFORM 203-503] Ignored partial unroll directive for loop 'Loop-1.1' (astro.c:58) because its parent loop or function is pipelined.
INFO: [XFORM 203-502] Unrolling all loops for pipelining in function 'to_double' (astro.c:22).
WARNING: [XFORM 203-505] Ignored pipeline directive for loop 'Loop-1' (astro.c:23) because its parent loop or function is pipelined.
WARNING: [XFORM 203-503] Ignored partial unroll directive for loop 'Loop-1' (astro.c:23) because its parent loop or function is pipelined.
INFO: [XFORM 203-502] Unrolling all loops for pipelining in function 'drift' (astro.c:35).
WARNING: [XFORM 203-505] Ignored pipeline directive for loop 'Loop-1' (astro.c:36) because its parent loop or function is pipelined.
WARNING: [XFORM 203-503] Ignored partial unroll directive for loop 'Loop-1' (astro.c:36) because its parent loop or function is pipelined.
INFO: [XFORM 203-501] Unrolling loop 'LOOP_X' (astro.c:155) in function 'astroSim' partially with a factor of 10.
INFO: [XFORM 203-501] Unrolling loop 'Loop-1' (astro.c:46) in function 'kick' completely.
INFO: [XFORM 203-501] Unrolling loop 'Loop-1' (astro.c:56) in function 'gravity' completely.
INFO: [XFORM 203-501] Unrolling loop 'Loop-1.1' (astro.c:58) in function 'gravity' completely.
INFO: [XFORM 203-501] Unrolling loop 'Loop-1' (astro.c:23) in function 'to_double' completely.
INFO: [XFORM 203-501] Unrolling loop 'Loop-1' (astro.c:36) in function 'drift' completely.
INFO: [XFORM 203-501] Unrolling loop 'Loop-1' (astro.c:12) in function 'to_int' partially with a factor of 3.
WARNING: [XFORM 203-561] Updating loop upper bound from 629 to 628 for loop 'LOOP_X' in function 'astroSim'.
WARNING: [XFORM 203-561] Updating loop lower bound from 629 to 628 for loop 'LOOP_X' in function 'astroSim'.
INFO: [XFORM 203-101] Partitioning array 'p.x' (astro.c:99) in dimension 1 completely.
INFO: [XFORM 203-101] Partitioning array 'p.y' (astro.c:99) in dimension 1 completely.
INFO: [XFORM 203-101] Partitioning array 'p.z' (astro.c:99) in dimension 1 completely.
INFO: [XFORM 203-101] Partitioning array 'p.vx' (astro.c:99) in dimension 1 completely.
INFO: [XFORM 203-101] Partitioning array 'p.vy' (astro.c:99) in dimension 1 completely.
INFO: [XFORM 203-101] Partitioning array 'p.vz' (astro.c:99) in dimension 1 completely.
INFO: [XFORM 203-101] Partitioning array 'p.ax' (astro.c:99) in dimension 1 completely.
INFO: [XFORM 203-101] Partitioning array 'p.ay' (astro.c:99) in dimension 1 completely.
INFO: [XFORM 203-101] Partitioning array 'p.az' (astro.c:99) in dimension 1 completely.
INFO: [XFORM 203-101] Partitioning array 'p.m' (astro.c:99) in dimension 1 completely.
INFO: [XFORM 203-101] Partitioning array 'p_int.x' (astro.c:98) in dimension 1 completely.
INFO: [XFORM 203-101] Partitioning array 'p_int.y' (astro.c:98) in dimension 1 completely.
INFO: [XFORM 203-101] Partitioning array 'p_int.z' (astro.c:98) in dimension 1 completely.
INFO: [XFORM 203-101] Partitioning array 'p_int.vx' (astro.c:98) in dimension 1 completely.
INFO: [XFORM 203-101] Partitioning array 'p_int.vy' (astro.c:98) in dimension 1 completely.
INFO: [XFORM 203-101] Partitioning array 'p_int.vz' (astro.c:98) in dimension 1 completely.
INFO: [XFORM 203-602] Inlining function 'fp_struct<double>::mantissa' into 'hls::cast_IEEE754<long, (ap_q_mode)6, double>' (/wrk/2017.1/nightly/2017_04_14_1846317/src/products/hls/hls_lib/src/hls/hls_round.h:438) automatically.
INFO: [XFORM 203-602] Inlining function 'fp_struct<double>::expv' into 'hls::cast_IEEE754<long, (ap_q_mode)6, double>' (/wrk/2017.1/nightly/2017_04_14_1846317/src/products/hls/hls_lib/src/hls/hls_round.h:441) automatically.
INFO: [XFORM 203-602] Inlining function 'fp_struct<double>::__signbit' into 'hls::cast_IEEE754<long, (ap_q_mode)6, double>' (/wrk/2017.1/nightly/2017_04_14_1846317/src/products/hls/hls_lib/src/hls/hls_round.h:473) automatically.
INFO: [XFORM 203-602] Inlining function 'hls::cast_IEEE754<long, (ap_q_mode)6, double>' into 'hls::cast_IEEE754<long, double>' (/wrk/2017.1/nightly/2017_04_14_1846317/src/products/hls/hls_lib/src/hls/hls_round.h:523) automatically.
INFO: [XFORM 203-602] Inlining function 'hls::cast_IEEE754<long, double>' into '__hls_fptosi_double_i64' (/wrk/2017.1/nightly/2017_04_14_1846317/src/products/hls/hls_lib/src/lib_floatconversion.cpp:48) automatically.
INFO: [XFORM 203-401] Performing if-conversion on hyperblock to (astro.c:12:32) in function 'to_int'... converting 4 basic blocks.
INFO: [XFORM 203-401] Performing if-conversion on hyperblock in function 'astroSim'... converting 7 basic blocks.
INFO: [HLS 200-111] Finished Pre-synthesis Time (s): cpu = 00:00:18 ; elapsed = 00:00:17 . Memory (MB): peak = 1099.488 ; gain = 763.961 ; free physical = 389 ; free virtual = 11492
WARNING: [XFORM 203-631] Renaming function '__hls_fptosi_double_i64' (/wrk/2017.1/nightly/2017_04_14_1846317/src/products/hls/hls_lib/src/lib_floatconversion.cpp:48:56) into __hls_fptosi_double_.
INFO: [XFORM 203-811] Inferring bus burst write of length 6 on port 'result.x' (astro.c:160:5).
INFO: [XFORM 203-811] Inferring bus burst write of length 6 on port 'result.y' (astro.c:160:5).
INFO: [XFORM 203-811] Inferring bus burst write of length 6 on port 'result.z' (astro.c:160:5).
INFO: [XFORM 203-811] Inferring bus burst write of length 6 on port 'result.vx' (astro.c:160:5).
INFO: [XFORM 203-811] Inferring bus burst write of length 6 on port 'result.vy' (astro.c:160:5).
INFO: [XFORM 203-811] Inferring bus burst write of length 6 on port 'result.vz' (astro.c:160:5).
INFO: [XFORM 203-811] Inferring bus burst write of length 6 on port 'result.ax' (astro.c:160:5).
INFO: [XFORM 203-811] Inferring bus burst write of length 6 on port 'result.ay' (astro.c:160:5).
INFO: [XFORM 203-811] Inferring bus burst write of length 6 on port 'result.az' (astro.c:160:5).
INFO: [XFORM 203-811] Inferring bus burst write of length 6 on port 'result.m' (astro.c:160:5).
WARNING: [XFORM 203-532] Unable to perform loop rewinding: Function 'astroSim' (astro.c:94) contains multiple loops.
INFO: [HLS 200-111] Finished Architecture Synthesis Time (s): cpu = 00:00:20 ; elapsed = 00:00:20 . Memory (MB): peak = 1227.488 ; gain = 891.961 ; free physical = 267 ; free virtual = 11328
INFO: [HLS 200-10] Starting hardware synthesis ...
INFO: [HLS 200-10] Synthesizing 'astroSim' ...
WARNING: [SYN 201-103] Legalizing function name '__hls_fptosi_double_' to 'p_hls_fptosi_double_s'.
INFO: [HLS 200-10] ----------------------------------------------------------------
INFO: [HLS 200-10] -- Implementing module 'p_hls_fptosi_double_s' 
INFO: [HLS 200-10] ----------------------------------------------------------------
INFO: [SCHED 204-11] Starting scheduling ...
INFO: [SCHED 204-61] Pipelining function '__hls_fptosi_double_'.
INFO: [SCHED 204-61] Pipelining result: Target II: 1, Final II: 1, Depth: 1.
INFO: [SCHED 204-11] Finished scheduling.
INFO: [HLS 200-111]  Elapsed time: 19.71 seconds; current allocated memory: 796.110 MB.
INFO: [BIND 205-100] Starting micro-architecture generation ...
INFO: [BIND 205-101] Performing variable lifetime analysis.
INFO: [BIND 205-101] Exploring resource sharing.
INFO: [BIND 205-101] Binding ...
INFO: [BIND 205-100] Finished micro-architecture generation.
INFO: [HLS 200-111]  Elapsed time: 0.02 seconds; current allocated memory: 796.253 MB.
INFO: [HLS 200-10] ----------------------------------------------------------------
INFO: [HLS 200-10] -- Implementing module 'to_int' 
INFO: [HLS 200-10] ----------------------------------------------------------------
INFO: [SCHED 204-11] Starting scheduling ...
INFO: [SCHED 204-11] Finished scheduling.
INFO: [HLS 200-111]  Elapsed time: 1.5 seconds; current allocated memory: 797.271 MB.
INFO: [BIND 205-100] Starting micro-architecture generation ...
INFO: [BIND 205-101] Performing variable lifetime analysis.
INFO: [BIND 205-101] Exploring resource sharing.
INFO: [BIND 205-101] Binding ...
INFO: [BIND 205-100] Finished micro-architecture generation.
INFO: [HLS 200-111]  Elapsed time: 0.29 seconds; current allocated memory: 799.769 MB.
INFO: [HLS 200-10] ----------------------------------------------------------------
INFO: [HLS 200-10] -- Implementing module 'drift' 
INFO: [HLS 200-10] ----------------------------------------------------------------
INFO: [SCHED 204-11] Starting scheduling ...
INFO: [SCHED 204-61] Pipelining function 'drift'.
INFO: [SCHED 204-61] Pipelining result: Target II: 1, Final II: 1, Depth: 29.
INFO: [SCHED 204-11] Finished scheduling.
INFO: [HLS 200-111]  Elapsed time: 1.28 seconds; current allocated memory: 801.323 MB.
INFO: [BIND 205-100] Starting micro-architecture generation ...
INFO: [BIND 205-101] Performing variable lifetime analysis.
INFO: [BIND 205-101] Exploring resource sharing.
INFO: [BIND 205-101] Binding ...
INFO: [BIND 205-100] Finished micro-architecture generation.
INFO: [HLS 200-111]  Elapsed time: 0.46 seconds; current allocated memory: 803.350 MB.
INFO: [HLS 200-10] ----------------------------------------------------------------
INFO: [HLS 200-10] -- Implementing module 'to_double' 
INFO: [HLS 200-10] ----------------------------------------------------------------
INFO: [SCHED 204-11] Starting scheduling ...
INFO: [SCHED 204-61] Pipelining function 'to_double'.
INFO: [SCHED 204-61] Pipelining result: Target II: 1, Final II: 1, Depth: 7.
INFO: [SCHED 204-11] Finished scheduling.
INFO: [HLS 200-111]  Elapsed time: 1.48 seconds; current allocated memory: 804.346 MB.
INFO: [BIND 205-100] Starting micro-architecture generation ...
INFO: [BIND 205-101] Performing variable lifetime analysis.
INFO: [BIND 205-101] Exploring resource sharing.
INFO: [BIND 205-101] Binding ...
INFO: [BIND 205-100] Finished micro-architecture generation.
INFO: [HLS 200-111]  Elapsed time: 0.21 seconds; current allocated memory: 805.406 MB.
INFO: [HLS 200-10] ----------------------------------------------------------------
INFO: [HLS 200-10] -- Implementing module 'gravity' 
INFO: [HLS 200-10] ----------------------------------------------------------------
INFO: [SCHED 204-11] Starting scheduling ...
INFO: [SCHED 204-61] Pipelining function 'gravity'.
INFO: [SCHED 204-61] Pipelining result: Target II: 1, Final II: 1, Depth: 95.
INFO: [SCHED 204-11] Finished scheduling.
INFO: [HLS 200-111]  Elapsed time: 9.85 seconds; current allocated memory: 813.455 MB.
INFO: [BIND 205-100] Starting micro-architecture generation ...
INFO: [BIND 205-101] Performing variable lifetime analysis.
INFO: [BIND 205-101] Exploring resource sharing.
INFO: [BIND 205-101] Binding ...
INFO: [BIND 205-100] Finished micro-architecture generation.
INFO: [HLS 200-111]  Elapsed time: 3.55 seconds; current allocated memory: 832.305 MB.
INFO: [HLS 200-10] ----------------------------------------------------------------
INFO: [HLS 200-10] -- Implementing module 'kick' 
INFO: [HLS 200-10] ----------------------------------------------------------------
INFO: [SCHED 204-11] Starting scheduling ...
INFO: [SCHED 204-61] Pipelining function 'kick'.
INFO: [SCHED 204-61] Pipelining result: Target II: 1, Final II: 1, Depth: 22.
INFO: [SCHED 204-11] Finished scheduling.
INFO: [HLS 200-111]  Elapsed time: 6.34 seconds; current allocated memory: 833.574 MB.
INFO: [BIND 205-100] Starting micro-architecture generation ...
INFO: [BIND 205-101] Performing variable lifetime analysis.
INFO: [BIND 205-101] Exploring resource sharing.
INFO: [BIND 205-101] Binding ...
INFO: [BIND 205-100] Finished micro-architecture generation.
INFO: [HLS 200-111]  Elapsed time: 0.35 seconds; current allocated memory: 835.075 MB.
INFO: [HLS 200-10] ----------------------------------------------------------------
INFO: [HLS 200-10] -- Implementing module 'janus_step' 
INFO: [HLS 200-10] ----------------------------------------------------------------
INFO: [SCHED 204-11] Starting scheduling ...
INFO: [SCHED 204-61] Pipelining function 'janus_step'.
INFO: [SCHED 204-61] Pipelining result: Target II: 1, Final II: 1, Depth: 184.
INFO: [SCHED 204-11] Finished scheduling.
INFO: [HLS 200-111]  Elapsed time: 0.81 seconds; current allocated memory: 836.944 MB.
INFO: [BIND 205-100] Starting micro-architecture generation ...
INFO: [BIND 205-101] Performing variable lifetime analysis.
INFO: [BIND 205-101] Exploring resource sharing.
INFO: [BIND 205-101] Binding ...
INFO: [BIND 205-100] Finished micro-architecture generation.
INFO: [HLS 200-111]  Elapsed time: 9.77 seconds; current allocated memory: 842.226 MB.
INFO: [HLS 200-10] ----------------------------------------------------------------
INFO: [HLS 200-10] -- Implementing module 'astroSim' 
INFO: [HLS 200-10] ----------------------------------------------------------------
INFO: [SCHED 204-11] Starting scheduling ...
INFO: [SCHED 204-61] Pipelining loop 'LOOP_X'.
WARNING: [SCHED 204-68] Unable to enforce a carried dependence constraint (II = 10, distance = 1, offset = 0)
   between 'call' operation ('call_ret6', astro.c:158) to 'janus_step' and 'extractvalue' operation ('p_int[0].x', astro.c:158).
WARNING: [SCHED 204-68] Unable to enforce a carried dependence constraint (II = 11, distance = 1, offset = 0)
   between 'call' operation ('call_ret6', astro.c:158) to 'janus_step' and 'extractvalue' operation ('p_int[0].x', astro.c:158).
WARNING: [SCHED 204-68] Unable to enforce a carried dependence constraint (II = 12, distance = 1, offset = 0)
   between 'call' operation ('call_ret6', astro.c:158) to 'janus_step' and 'extractvalue' operation ('p_int[0].x', astro.c:158).
WARNING: [SCHED 204-68] Unable to enforce a carried dependence constraint (II = 13, distance = 1, offset = 0)
   between 'call' operation ('call_ret6', astro.c:158) to 'janus_step' and 'extractvalue' operation ('p_int[0].x', astro.c:158).
WARNING: [SCHED 204-68] Unable to enforce a carried dependence constraint (II = 135, distance = 1, offset = 0)
   between 'call' operation ('call_ret6', astro.c:158) to 'janus_step' and 'extractvalue' operation ('p_int[0].x', astro.c:158).
WARNING: [SCHED 204-68] Unable to enforce a carried dependence constraint (II = 196, distance = 1, offset = 0)
   between 'call' operation ('call_ret6', astro.c:158) to 'janus_step' and 'extractvalue' operation ('p_int[0].x', astro.c:158).
WARNING: [SCHED 204-68] Unable to enforce a carried dependence constraint (II = 226, distance = 1, offset = 0)
   between 'call' operation ('call_ret6', astro.c:158) to 'janus_step' and 'extractvalue' operation ('p_int[0].x', astro.c:158).
WARNING: [SCHED 204-68] Unable to enforce a carried dependence constraint (II = 241, distance = 1, offset = 0)
   between 'call' operation ('call_ret6', astro.c:158) to 'janus_step' and 'extractvalue' operation ('p_int[0].x', astro.c:158).
WARNING: [SCHED 204-68] Unable to enforce a carried dependence constraint (II = 249, distance = 1, offset = 0)
   between 'call' operation ('call_ret6', astro.c:158) to 'janus_step' and 'extractvalue' operation ('p_int[0].x', astro.c:158).
WARNING: [SCHED 204-68] Unable to enforce a carried dependence constraint (II = 253, distance = 1, offset = 0)
   between 'call' operation ('call_ret6', astro.c:158) to 'janus_step' and 'extractvalue' operation ('p_int[0].x', astro.c:158).
WARNING: [SCHED 204-68] Unable to enforce a carried dependence constraint (II = 255, distance = 1, offset = 0)
   between 'call' operation ('call_ret6', astro.c:158) to 'janus_step' and 'extractvalue' operation ('p_int[0].x', astro.c:158).
WARNING: [SCHED 204-68] Unable to enforce a carried dependence constraint (II = 256, distance = 1, offset = 0)
   between 'call' operation ('call_ret6', astro.c:158) to 'janus_step' and 'extractvalue' operation ('p_int[0].x', astro.c:158).
INFO: [SCHED 204-61] Unable to satisfy pipeline directive: Unable to pipeline the region.
INFO: [SCHED 204-61] Pipelining loop 'memcpy.result.m.p.x.addr'.
INFO: [SCHED 204-61] Pipelining result: Target II: 1, Final II: 1, Depth: 2.
INFO: [SCHED 204-11] Finished scheduling.
INFO: [HLS 200-111]  Elapsed time: 9.12 seconds; current allocated memory: 857.463 MB.
INFO: [BIND 205-100] Starting micro-architecture generation ...
INFO: [BIND 205-101] Performing variable lifetime analysis.
INFO: [BIND 205-101] Exploring resource sharing.
INFO: [BIND 205-101] Binding ...
INFO: [BIND 205-100] Finished micro-architecture generation.
INFO: [HLS 200-111]  Elapsed time: 21.09 seconds; current allocated memory: 921.377 MB.
INFO: [HLS 200-10] ----------------------------------------------------------------
INFO: [HLS 200-10] -- Generating RTL for module 'p_hls_fptosi_double_s' 
INFO: [HLS 200-10] ----------------------------------------------------------------
INFO: [RTGEN 206-100] Finished creating RTL model for 'p_hls_fptosi_double_s'.
INFO: [HLS 200-111]  Elapsed time: 9.04 seconds; current allocated memory: 923.178 MB.
INFO: [HLS 200-10] ----------------------------------------------------------------
INFO: [HLS 200-10] -- Generating RTL for module 'to_int' 
INFO: [HLS 200-10] ----------------------------------------------------------------
INFO: [SYN 201-210] Renamed object name 'astroSim_ddiv_64ns_64ns_64_17' to 'astroSim_ddiv_64nbkb' due to the length limit 20
INFO: [SYN 201-210] Renamed object name 'astroSim_mux_164_64_1' to 'astroSim_mux_164_cud' due to the length limit 20
INFO: [RTGEN 206-104] Estimated max fanout for 'to_int' is 6913 from HDL expression: ((1'b1 == ap_CS_fsm_state2) & (tmp_fu_976_p2 == 1'd1))
INFO: [RTGEN 206-100] Generating core module 'astroSim_ddiv_64nbkb': 18 instance(s).
INFO: [RTGEN 206-100] Generating core module 'astroSim_mux_164_cud': 54 instance(s).
INFO: [RTGEN 206-100] Finished creating RTL model for 'to_int'.
INFO: [HLS 200-111]  Elapsed time: 0.38 seconds; current allocated memory: 935.234 MB.
INFO: [HLS 200-10] ----------------------------------------------------------------
INFO: [HLS 200-10] -- Generating RTL for module 'drift' 
INFO: [HLS 200-10] ----------------------------------------------------------------
INFO: [SYN 201-210] Renamed object name 'astroSim_dmul_64ns_64ns_64_4_max_dsp' to 'astroSim_dmul_64ndEe' due to the length limit 20
WARNING: [RTGEN 206-101] RTL name 'astroSim_ddiv_64nbkb' is changed to 'astroSim_ddiv_64nbkb_x' due to conflict.
INFO: [SYN 201-210] Renamed object name 'astroSim_sitodp_64ns_64_3' to 'astroSim_sitodp_6eOg' due to the length limit 20
INFO: [RTGEN 206-104] Estimated max fanout for 'drift' is 57024 from HDL expression: ((ap_block_pp0_stage0_flag00011001 == 1'b0) & (ap_ce == 1'b1))
INFO: [RTGEN 206-100] Generating core module 'astroSim_ddiv_64nbkb': 27 instance(s).
INFO: [RTGEN 206-100] Generating core module 'astroSim_dmul_64ndEe': 54 instance(s).
INFO: [RTGEN 206-100] Generating core module 'astroSim_sitodp_6eOg': 27 instance(s).
INFO: [RTGEN 206-100] Finished creating RTL model for 'drift'.
INFO: [HLS 200-111]  Elapsed time: 1.18 seconds; current allocated memory: 947.352 MB.
INFO: [HLS 200-10] ----------------------------------------------------------------
INFO: [HLS 200-10] -- Generating RTL for module 'to_double' 
INFO: [HLS 200-10] ----------------------------------------------------------------
WARNING: [RTGEN 206-101] RTL name 'astroSim_dmul_64ndEe' is changed to 'astroSim_dmul_64ndEe_x' due to conflict.
WARNING: [RTGEN 206-101] RTL name 'astroSim_sitodp_6eOg' is changed to 'astroSim_sitodp_6eOg_x' due to conflict.
INFO: [RTGEN 206-104] Estimated max fanout for 'to_double' is 5760 from HDL expression: ((ap_block_pp0_stage0_flag00011001 == 1'b0) & (ap_ce == 1'b1))
INFO: [RTGEN 206-100] Generating core module 'astroSim_dmul_64ndEe': 45 instance(s).
INFO: [RTGEN 206-100] Generating core module 'astroSim_sitodp_6eOg': 45 instance(s).
INFO: [RTGEN 206-100] Finished creating RTL model for 'to_double'.
INFO: [HLS 200-111]  Elapsed time: 2.02 seconds; current allocated memory: 958.996 MB.
INFO: [HLS 200-10] ----------------------------------------------------------------
INFO: [HLS 200-10] -- Generating RTL for module 'gravity' 
INFO: [HLS 200-10] ----------------------------------------------------------------
INFO: [SYN 201-210] Renamed object name 'astroSim_dsub_64ns_64ns_64_4_full_dsp' to 'astroSim_dsub_64nfYi' due to the length limit 20
INFO: [SYN 201-210] Renamed object name 'astroSim_dadd_64ns_64ns_64_4_full_dsp' to 'astroSim_dadd_64ng8j' due to the length limit 20
WARNING: [RTGEN 206-101] RTL name 'astroSim_dmul_64ndEe' is changed to 'astroSim_dmul_64ndEe_x' due to conflict.
WARNING: [RTGEN 206-101] RTL name 'astroSim_ddiv_64nbkb' is changed to 'astroSim_ddiv_64nbkb_x' due to conflict.
INFO: [SYN 201-210] Renamed object name 'astroSim_dsqrt_64ns_64ns_64_14' to 'astroSim_dsqrt_64hbi' due to the length limit 20
INFO: [RTGEN 206-104] Estimated max fanout for 'gravity' is 891904 from HDL expression: ((ap_block_pp0_stage0_flag00011001 == 1'b0) & (ap_ce == 1'b1))
INFO: [RTGEN 206-100] Generating core module 'astroSim_dadd_64ng8j': 360 instance(s).
INFO: [RTGEN 206-100] Generating core module 'astroSim_ddiv_64nbkb': 72 instance(s).
INFO: [RTGEN 206-100] Generating core module 'astroSim_dmul_64ndEe': 640 instance(s).
INFO: [RTGEN 206-100] Generating core module 'astroSim_dsqrt_64hbi': 72 instance(s).
INFO: [RTGEN 206-100] Generating core module 'astroSim_dsub_64nfYi': 216 instance(s).
INFO: [RTGEN 206-100] Finished creating RTL model for 'gravity'.
INFO: [HLS 200-111]  Elapsed time: 8.82 seconds; current allocated memory: 1015.075 MB.
INFO: [HLS 200-10] ----------------------------------------------------------------
INFO: [HLS 200-10] -- Generating RTL for module 'kick' 
INFO: [HLS 200-10] ----------------------------------------------------------------
WARNING: [RTGEN 206-101] RTL name 'astroSim_dmul_64ndEe' is changed to 'astroSim_dmul_64ndEe_x' due to conflict.
WARNING: [RTGEN 206-101] RTL name 'astroSim_ddiv_64nbkb' is changed to 'astroSim_ddiv_64nbkb_x' due to conflict.
INFO: [RTGEN 206-104] Estimated max fanout for 'kick' is 41472 from HDL expression: ((ap_block_pp0_stage0_flag00011001 == 1'b0) & (ap_ce == 1'b1))
INFO: [RTGEN 206-100] Generating core module 'astroSim_ddiv_64nbkb': 27 instance(s).
INFO: [RTGEN 206-100] Generating core module 'astroSim_dmul_64ndEe': 27 instance(s).
INFO: [RTGEN 206-100] Finished creating RTL model for 'kick'.
INFO: [HLS 200-111]  Elapsed time: 15.68 seconds; current allocated memory: 1.025 GB.
INFO: [HLS 200-10] ----------------------------------------------------------------
INFO: [HLS 200-10] -- Generating RTL for module 'janus_step' 
INFO: [HLS 200-10] ----------------------------------------------------------------
INFO: [RTGEN 206-104] Estimated max fanout for 'janus_step' is 569664 from HDL expression: ((ap_block_pp0_stage0_flag00011001 == 1'b0) & (ap_ce == 1'b1))
INFO: [RTGEN 206-100] Finished creating RTL model for 'janus_step'.
INFO: [HLS 200-111]  Elapsed time: 8.95 seconds; current allocated memory: 1.075 GB.
INFO: [HLS 200-10] ----------------------------------------------------------------
INFO: [HLS 200-10] -- Generating RTL for module 'astroSim' 
INFO: [HLS 200-10] ----------------------------------------------------------------
INFO: [RTGEN 206-500] Setting interface mode on port 'astroSim/result_x' to 'm_axi'.
INFO: [RTGEN 206-500] Setting interface mode on port 'astroSim/result_y' to 'm_axi'.
INFO: [RTGEN 206-500] Setting interface mode on port 'astroSim/result_z' to 'm_axi'.
INFO: [RTGEN 206-500] Setting interface mode on port 'astroSim/result_vx' to 'm_axi'.
INFO: [RTGEN 206-500] Setting interface mode on port 'astroSim/result_vy' to 'm_axi'.
INFO: [RTGEN 206-500] Setting interface mode on port 'astroSim/result_vz' to 'm_axi'.
INFO: [RTGEN 206-500] Setting interface mode on port 'astroSim/result_ax' to 'm_axi'.
INFO: [RTGEN 206-500] Setting interface mode on port 'astroSim/result_ay' to 'm_axi'.
INFO: [RTGEN 206-500] Setting interface mode on port 'astroSim/result_az' to 'm_axi'.
INFO: [RTGEN 206-500] Setting interface mode on port 'astroSim/result_m' to 'm_axi'.
INFO: [RTGEN 206-500] Setting interface mode on function 'astroSim' to 's_axilite & ap_ctrl_hs'.
INFO: [RTGEN 206-100] Bundling port 'return' to AXI-Lite port AXILiteS.
INFO: [RTGEN 206-100] Finished creating RTL model for 'astroSim'.
INFO: [HLS 200-111]  Elapsed time: 13.48 seconds; current allocated memory: 1.135 GB.
INFO: [HLS 200-111] Finished generating all RTL models Time (s): cpu = 00:02:23 ; elapsed = 00:02:44 . Memory (MB): peak = 1700.980 ; gain = 1365.453 ; free physical = 147 ; free virtual = 10845
INFO: [SYSC 207-301] Generating SystemC RTL for astroSim.
INFO: [VHDL 208-304] Generating VHDL RTL for astroSim.
INFO: [VLOG 209-307] Generating Verilog RTL for astroSim.
INFO: [HLS 200-112] Total elapsed time: 164.15 seconds; peak allocated memory: 1.135 GB.
